2024-10-09 20:00:04,810 INFO    StreamThr :37665 [internal.py:wandb_internal():85] W&B internal server running at pid: 37665, started at: 2024-10-09 20:00:04.810043
2024-10-09 20:00:04,810 DEBUG   HandlerThread:37665 [handler.py:handle_request():158] handle_request: status
2024-10-09 20:00:04,813 INFO    WriterThread:37665 [datastore.py:open_for_write():87] open: /Users/shamba/Desktop/Paper 1 - HAR RL/NODATA_MarginMultistepCL/wandb/run-20241009_200004-eaitvj8q/run-eaitvj8q.wandb
2024-10-09 20:00:04,813 DEBUG   SenderThread:37665 [sender.py:send():391] send: header
2024-10-09 20:00:04,830 DEBUG   SenderThread:37665 [sender.py:send():391] send: run
2024-10-09 20:00:04,831 INFO    SenderThread:37665 [sender.py:_setup_resume():761] checking resume status for None/1sleepeeg42/eaitvj8q
2024-10-09 20:00:06,177 INFO    SenderThread:37665 [dir_watcher.py:__init__():211] watching files in: /Users/shamba/Desktop/Paper 1 - HAR RL/NODATA_MarginMultistepCL/wandb/run-20241009_200004-eaitvj8q/files
2024-10-09 20:00:06,177 INFO    SenderThread:37665 [sender.py:_start_run_threads():1200] run started: eaitvj8q with start time 1728496804.81048
2024-10-09 20:00:06,185 DEBUG   HandlerThread:37665 [handler.py:handle_request():158] handle_request: run_start
2024-10-09 20:00:06,190 DEBUG   HandlerThread:37665 [system_info.py:__init__():26] System info init
2024-10-09 20:00:06,191 DEBUG   HandlerThread:37665 [system_info.py:__init__():41] System info init done
2024-10-09 20:00:06,191 INFO    HandlerThread:37665 [system_monitor.py:start():194] Starting system monitor
2024-10-09 20:00:06,191 INFO    SystemMonitor:37665 [system_monitor.py:_start():158] Starting system asset monitoring threads
2024-10-09 20:00:06,191 INFO    HandlerThread:37665 [system_monitor.py:probe():214] Collecting system info
2024-10-09 20:00:06,191 INFO    SystemMonitor:37665 [interfaces.py:start():188] Started cpu monitoring
2024-10-09 20:00:06,194 INFO    SystemMonitor:37665 [interfaces.py:start():188] Started disk monitoring
2024-10-09 20:00:06,195 INFO    SystemMonitor:37665 [interfaces.py:start():188] Started gpuapple monitoring
2024-10-09 20:00:06,196 INFO    SystemMonitor:37665 [interfaces.py:start():188] Started memory monitoring
2024-10-09 20:00:06,197 INFO    SystemMonitor:37665 [interfaces.py:start():188] Started network monitoring
2024-10-09 20:00:06,602 DEBUG   HandlerThread:37665 [system_info.py:probe():152] Probing system
2024-10-09 20:00:06,606 DEBUG   HandlerThread:37665 [system_info.py:_probe_git():137] Probing git
2024-10-09 20:00:06,625 DEBUG   HandlerThread:37665 [system_info.py:_probe_git():145] Probing git done
2024-10-09 20:00:06,625 DEBUG   HandlerThread:37665 [system_info.py:probe():200] Probing system done
2024-10-09 20:00:06,625 DEBUG   HandlerThread:37665 [system_monitor.py:probe():223] {'os': 'macOS-14.4.1-arm64-arm-64bit', 'python': '3.11.5', 'heartbeatAt': '2024-10-09T18:00:06.602764', 'startedAt': '2024-10-09T18:00:04.805701', 'docker': None, 'cuda': None, 'args': ('-p', 'configs/sleepconfig.yml', '-d', 'data/sleepeeg', '-s', '42'), 'state': 'running', 'program': '/Users/shamba/Desktop/Paper 1 - HAR RL/NODATA_MarginMultistepCL/baselines/cost.py', 'codePathLocal': 'baselines/cost.py', 'codePath': 'baselines/cost.py', 'git': {'remote': 'https://github.com/ShambAI/Multi-Step-Contrastive-Learning.git', 'commit': '49f7f33a8b1dad0caad5b88fe39a8b24f97cc985'}, 'email': None, 'root': '/Users/shamba/Desktop/Paper 1 - HAR RL/NODATA_MarginMultistepCL', 'host': 'dhcp-10-24-85-136.wlan.ntnu.no', 'username': 'shamba', 'executable': '/Users/shamba/anaconda3/bin/python', 'cpu_count': 10, 'cpu_count_logical': 10, 'disk': {'/': {'total': 460.4317207336426, 'used': 155.80017471313477}}, 'gpuapple': {'type': 'Apple M2 Pro', 'vendor': 'sppci_vendor_Apple'}, 'memory': {'total': 16.0}}
2024-10-09 20:00:06,625 INFO    HandlerThread:37665 [system_monitor.py:probe():224] Finished collecting system info
2024-10-09 20:00:06,625 INFO    HandlerThread:37665 [system_monitor.py:probe():227] Publishing system info
2024-10-09 20:00:06,625 DEBUG   HandlerThread:37665 [system_info.py:_save_conda():209] Saving list of conda packages installed into the current environment
2024-10-09 20:00:07,183 INFO    Thread-13 :37665 [dir_watcher.py:_on_file_created():271] file/dir created: /Users/shamba/Desktop/Paper 1 - HAR RL/NODATA_MarginMultistepCL/wandb/run-20241009_200004-eaitvj8q/files/conda-environment.yaml
2024-10-09 20:00:09,713 DEBUG   HandlerThread:37665 [system_info.py:_save_conda():224] Saving conda packages done
2024-10-09 20:00:09,714 INFO    HandlerThread:37665 [system_monitor.py:probe():229] Finished publishing system info
2024-10-09 20:00:09,723 DEBUG   SenderThread:37665 [sender.py:send():391] send: files
2024-10-09 20:00:09,723 INFO    SenderThread:37665 [sender.py:_save_file():1466] saving file wandb-metadata.json with policy now
2024-10-09 20:00:09,882 DEBUG   HandlerThread:37665 [handler.py:handle_request():158] handle_request: python_packages
2024-10-09 20:00:09,882 DEBUG   HandlerThread:37665 [handler.py:handle_request():158] handle_request: internal_messages
2024-10-09 20:00:09,882 DEBUG   HandlerThread:37665 [handler.py:handle_request():158] handle_request: stop_status
2024-10-09 20:00:09,882 DEBUG   SenderThread:37665 [sender.py:send_request():418] send_request: python_packages
2024-10-09 20:00:09,883 DEBUG   SenderThread:37665 [sender.py:send_request():418] send_request: stop_status
2024-10-09 20:00:09,883 DEBUG   HandlerThread:37665 [handler.py:handle_request():158] handle_request: status_report
2024-10-09 20:00:10,113 DEBUG   SenderThread:37665 [sender.py:send():391] send: telemetry
2024-10-09 20:00:10,114 DEBUG   SenderThread:37665 [sender.py:send():391] send: telemetry
2024-10-09 20:00:10,114 DEBUG   SenderThread:37665 [sender.py:send():391] send: metric
2024-10-09 20:00:10,114 DEBUG   SenderThread:37665 [sender.py:send():391] send: telemetry
2024-10-09 20:00:10,114 DEBUG   SenderThread:37665 [sender.py:send():391] send: metric
2024-10-09 20:00:10,114 WARNING SenderThread:37665 [sender.py:send_metric():1417] Seen metric with glob (shouldn't happen)
2024-10-09 20:00:10,114 DEBUG   SenderThread:37665 [sender.py:send():391] send: telemetry
2024-10-09 20:00:10,114 DEBUG   SenderThread:37665 [sender.py:send():391] send: telemetry
2024-10-09 20:00:10,114 DEBUG   SenderThread:37665 [sender.py:send():391] send: telemetry
2024-10-09 20:00:10,114 DEBUG   SenderThread:37665 [sender.py:send():391] send: config
2024-10-09 20:00:10,114 DEBUG   SenderThread:37665 [sender.py:send():391] send: config
2024-10-09 20:00:10,114 DEBUG   SenderThread:37665 [sender.py:send():391] send: config
2024-10-09 20:00:10,114 DEBUG   SenderThread:37665 [sender.py:send():391] send: telemetry
2024-10-09 20:00:10,114 DEBUG   SenderThread:37665 [sender.py:send():391] send: run
2024-10-09 20:00:10,198 INFO    Thread-13 :37665 [dir_watcher.py:_on_file_modified():288] file/dir modified: /Users/shamba/Desktop/Paper 1 - HAR RL/NODATA_MarginMultistepCL/wandb/run-20241009_200004-eaitvj8q/files/conda-environment.yaml
2024-10-09 20:00:10,198 INFO    Thread-13 :37665 [dir_watcher.py:_on_file_modified():288] file/dir modified: /Users/shamba/Desktop/Paper 1 - HAR RL/NODATA_MarginMultistepCL/wandb/run-20241009_200004-eaitvj8q/files/config.yaml
2024-10-09 20:00:10,198 INFO    Thread-13 :37665 [dir_watcher.py:_on_file_created():271] file/dir created: /Users/shamba/Desktop/Paper 1 - HAR RL/NODATA_MarginMultistepCL/wandb/run-20241009_200004-eaitvj8q/files/wandb-metadata.json
2024-10-09 20:00:10,198 INFO    Thread-13 :37665 [dir_watcher.py:_on_file_created():271] file/dir created: /Users/shamba/Desktop/Paper 1 - HAR RL/NODATA_MarginMultistepCL/wandb/run-20241009_200004-eaitvj8q/files/requirements.txt
2024-10-09 20:00:10,350 INFO    wandb-upload_0:37665 [upload_job.py:push():130] Uploaded file /var/folders/8_/bs02pqyd2h75v495kym36z2c0000gn/T/tmpu8yxpuipwandb/qqylowh6-wandb-metadata.json
2024-10-09 20:00:10,370 INFO    SenderThread:37665 [sender.py:send_run():1047] updated run: eaitvj8q
2024-10-09 20:00:10,370 DEBUG   SenderThread:37665 [sender.py:send():391] send: telemetry
2024-10-09 20:00:11,202 INFO    Thread-13 :37665 [dir_watcher.py:_on_file_created():271] file/dir created: /Users/shamba/Desktop/Paper 1 - HAR RL/NODATA_MarginMultistepCL/wandb/run-20241009_200004-eaitvj8q/files/output.log
2024-10-09 20:00:13,210 INFO    Thread-13 :37665 [dir_watcher.py:_on_file_modified():288] file/dir modified: /Users/shamba/Desktop/Paper 1 - HAR RL/NODATA_MarginMultistepCL/wandb/run-20241009_200004-eaitvj8q/files/output.log
2024-10-09 20:00:14,887 DEBUG   HandlerThread:37665 [handler.py:handle_request():158] handle_request: status_report
2024-10-09 20:00:17,067 DEBUG   HandlerThread:37665 [handler.py:handle_request():158] handle_request: partial_history
2024-10-09 20:00:17,067 DEBUG   HandlerThread:37665 [handler.py:handle_request():158] handle_request: partial_history
2024-10-09 20:00:17,067 DEBUG   HandlerThread:37665 [handler.py:handle_request():158] handle_request: partial_history
2024-10-09 20:00:17,068 DEBUG   HandlerThread:37665 [handler.py:handle_request():158] handle_request: partial_history
2024-10-09 20:00:17,068 DEBUG   HandlerThread:37665 [handler.py:handle_request():158] handle_request: partial_history
2024-10-09 20:00:17,068 DEBUG   HandlerThread:37665 [handler.py:handle_request():158] handle_request: partial_history
2024-10-09 20:00:17,069 DEBUG   HandlerThread:37665 [handler.py:handle_request():158] handle_request: partial_history
2024-10-09 20:00:17,069 DEBUG   HandlerThread:37665 [handler.py:handle_request():158] handle_request: partial_history
2024-10-09 20:00:17,069 DEBUG   HandlerThread:37665 [handler.py:handle_request():158] handle_request: partial_history
2024-10-09 20:00:17,069 DEBUG   HandlerThread:37665 [handler.py:handle_request():158] handle_request: partial_history
2024-10-09 20:00:17,069 DEBUG   HandlerThread:37665 [handler.py:handle_request():158] handle_request: partial_history
2024-10-09 20:00:17,069 DEBUG   HandlerThread:37665 [handler.py:handle_request():158] handle_request: partial_history
2024-10-09 20:00:17,069 DEBUG   HandlerThread:37665 [handler.py:handle_request():158] handle_request: partial_history
2024-10-09 20:00:17,069 DEBUG   HandlerThread:37665 [handler.py:handle_request():158] handle_request: partial_history
2024-10-09 20:00:17,070 DEBUG   HandlerThread:37665 [handler.py:handle_request():158] handle_request: partial_history
2024-10-09 20:00:17,070 DEBUG   HandlerThread:37665 [handler.py:handle_request():158] handle_request: partial_history
2024-10-09 20:00:17,070 DEBUG   HandlerThread:37665 [handler.py:handle_request():158] handle_request: partial_history
2024-10-09 20:00:17,070 DEBUG   HandlerThread:37665 [handler.py:handle_request():158] handle_request: partial_history
2024-10-09 20:00:17,071 DEBUG   HandlerThread:37665 [handler.py:handle_request():158] handle_request: partial_history
2024-10-09 20:00:17,071 DEBUG   HandlerThread:37665 [handler.py:handle_request():158] handle_request: partial_history
2024-10-09 20:00:17,071 DEBUG   HandlerThread:37665 [handler.py:handle_request():158] handle_request: partial_history
2024-10-09 20:00:17,071 DEBUG   HandlerThread:37665 [handler.py:handle_request():158] handle_request: partial_history
2024-10-09 20:00:17,072 DEBUG   HandlerThread:37665 [handler.py:handle_request():158] handle_request: partial_history
2024-10-09 20:00:17,072 DEBUG   HandlerThread:37665 [handler.py:handle_request():158] handle_request: partial_history
2024-10-09 20:00:17,072 DEBUG   HandlerThread:37665 [handler.py:handle_request():158] handle_request: partial_history
2024-10-09 20:00:17,072 DEBUG   HandlerThread:37665 [handler.py:handle_request():158] handle_request: partial_history
2024-10-09 20:00:17,073 DEBUG   HandlerThread:37665 [handler.py:handle_request():158] handle_request: partial_history
2024-10-09 20:00:17,073 DEBUG   HandlerThread:37665 [handler.py:handle_request():158] handle_request: partial_history
2024-10-09 20:00:17,073 DEBUG   HandlerThread:37665 [handler.py:handle_request():158] handle_request: partial_history
2024-10-09 20:00:17,074 DEBUG   HandlerThread:37665 [handler.py:handle_request():158] handle_request: partial_history
2024-10-09 20:00:17,076 DEBUG   HandlerThread:37665 [handler.py:handle_request():158] handle_request: partial_history
2024-10-09 20:00:17,076 DEBUG   HandlerThread:37665 [handler.py:handle_request():158] handle_request: partial_history
2024-10-09 20:00:17,077 DEBUG   HandlerThread:37665 [handler.py:handle_request():158] handle_request: partial_history
2024-10-09 20:00:17,077 DEBUG   HandlerThread:37665 [handler.py:handle_request():158] handle_request: partial_history
2024-10-09 20:00:17,077 DEBUG   HandlerThread:37665 [handler.py:handle_request():158] handle_request: partial_history
2024-10-09 20:00:17,077 DEBUG   HandlerThread:37665 [handler.py:handle_request():158] handle_request: partial_history
2024-10-09 20:00:17,077 DEBUG   HandlerThread:37665 [handler.py:handle_request():158] handle_request: partial_history
2024-10-09 20:00:17,078 DEBUG   HandlerThread:37665 [handler.py:handle_request():158] handle_request: partial_history
2024-10-09 20:00:17,078 DEBUG   HandlerThread:37665 [handler.py:handle_request():158] handle_request: partial_history
2024-10-09 20:00:17,078 DEBUG   HandlerThread:37665 [handler.py:handle_request():158] handle_request: partial_history
2024-10-09 20:00:17,078 DEBUG   HandlerThread:37665 [handler.py:handle_request():158] handle_request: partial_history
2024-10-09 20:00:17,079 DEBUG   HandlerThread:37665 [handler.py:handle_request():158] handle_request: partial_history
2024-10-09 20:00:17,079 DEBUG   HandlerThread:37665 [handler.py:handle_request():158] handle_request: partial_history
2024-10-09 20:00:17,079 DEBUG   HandlerThread:37665 [handler.py:handle_request():158] handle_request: partial_history
2024-10-09 20:00:19,241 INFO    Thread-13 :37665 [dir_watcher.py:_on_file_modified():288] file/dir modified: /Users/shamba/Desktop/Paper 1 - HAR RL/NODATA_MarginMultistepCL/wandb/run-20241009_200004-eaitvj8q/files/output.log
2024-10-09 20:00:19,887 DEBUG   HandlerThread:37665 [handler.py:handle_request():158] handle_request: internal_messages
2024-10-09 20:00:19,888 DEBUG   HandlerThread:37665 [handler.py:handle_request():158] handle_request: status_report
2024-10-09 20:00:21,249 INFO    Thread-13 :37665 [dir_watcher.py:_on_file_modified():288] file/dir modified: /Users/shamba/Desktop/Paper 1 - HAR RL/NODATA_MarginMultistepCL/wandb/run-20241009_200004-eaitvj8q/files/output.log
2024-10-09 20:00:24,391 DEBUG   HandlerThread:37665 [handler.py:handle_request():158] handle_request: partial_history
2024-10-09 20:00:24,392 DEBUG   HandlerThread:37665 [handler.py:handle_request():158] handle_request: partial_history
2024-10-09 20:00:24,392 DEBUG   HandlerThread:37665 [handler.py:handle_request():158] handle_request: partial_history
2024-10-09 20:00:24,393 DEBUG   HandlerThread:37665 [handler.py:handle_request():158] handle_request: partial_history
2024-10-09 20:00:24,393 DEBUG   HandlerThread:37665 [handler.py:handle_request():158] handle_request: partial_history
2024-10-09 20:00:24,393 DEBUG   HandlerThread:37665 [handler.py:handle_request():158] handle_request: partial_history
2024-10-09 20:00:24,393 DEBUG   HandlerThread:37665 [handler.py:handle_request():158] handle_request: partial_history
2024-10-09 20:00:24,393 DEBUG   HandlerThread:37665 [handler.py:handle_request():158] handle_request: partial_history
2024-10-09 20:00:24,393 DEBUG   HandlerThread:37665 [handler.py:handle_request():158] handle_request: partial_history
2024-10-09 20:00:24,393 DEBUG   HandlerThread:37665 [handler.py:handle_request():158] handle_request: partial_history
2024-10-09 20:00:24,393 DEBUG   HandlerThread:37665 [handler.py:handle_request():158] handle_request: partial_history
2024-10-09 20:00:24,393 DEBUG   HandlerThread:37665 [handler.py:handle_request():158] handle_request: partial_history
2024-10-09 20:00:24,394 DEBUG   HandlerThread:37665 [handler.py:handle_request():158] handle_request: partial_history
2024-10-09 20:00:24,394 DEBUG   HandlerThread:37665 [handler.py:handle_request():158] handle_request: partial_history
2024-10-09 20:00:24,394 DEBUG   HandlerThread:37665 [handler.py:handle_request():158] handle_request: partial_history
2024-10-09 20:00:24,394 DEBUG   HandlerThread:37665 [handler.py:handle_request():158] handle_request: partial_history
2024-10-09 20:00:24,394 DEBUG   HandlerThread:37665 [handler.py:handle_request():158] handle_request: partial_history
2024-10-09 20:00:24,395 DEBUG   HandlerThread:37665 [handler.py:handle_request():158] handle_request: partial_history
2024-10-09 20:00:24,395 DEBUG   HandlerThread:37665 [handler.py:handle_request():158] handle_request: partial_history
2024-10-09 20:00:24,395 DEBUG   HandlerThread:37665 [handler.py:handle_request():158] handle_request: partial_history
2024-10-09 20:00:24,395 DEBUG   HandlerThread:37665 [handler.py:handle_request():158] handle_request: partial_history
2024-10-09 20:00:24,396 DEBUG   HandlerThread:37665 [handler.py:handle_request():158] handle_request: partial_history
2024-10-09 20:00:24,396 DEBUG   HandlerThread:37665 [handler.py:handle_request():158] handle_request: partial_history
2024-10-09 20:00:24,396 DEBUG   HandlerThread:37665 [handler.py:handle_request():158] handle_request: partial_history
2024-10-09 20:00:24,396 DEBUG   HandlerThread:37665 [handler.py:handle_request():158] handle_request: partial_history
2024-10-09 20:00:24,397 DEBUG   HandlerThread:37665 [handler.py:handle_request():158] handle_request: partial_history
2024-10-09 20:00:24,397 DEBUG   HandlerThread:37665 [handler.py:handle_request():158] handle_request: partial_history
2024-10-09 20:00:24,397 DEBUG   HandlerThread:37665 [handler.py:handle_request():158] handle_request: partial_history
2024-10-09 20:00:24,398 DEBUG   HandlerThread:37665 [handler.py:handle_request():158] handle_request: partial_history
2024-10-09 20:00:24,398 DEBUG   HandlerThread:37665 [handler.py:handle_request():158] handle_request: partial_history
2024-10-09 20:00:24,399 DEBUG   HandlerThread:37665 [handler.py:handle_request():158] handle_request: partial_history
2024-10-09 20:00:24,399 DEBUG   HandlerThread:37665 [handler.py:handle_request():158] handle_request: partial_history
2024-10-09 20:00:24,399 DEBUG   HandlerThread:37665 [handler.py:handle_request():158] handle_request: partial_history
2024-10-09 20:00:24,399 DEBUG   HandlerThread:37665 [handler.py:handle_request():158] handle_request: partial_history
2024-10-09 20:00:24,399 DEBUG   HandlerThread:37665 [handler.py:handle_request():158] handle_request: partial_history
2024-10-09 20:00:24,399 DEBUG   HandlerThread:37665 [handler.py:handle_request():158] handle_request: partial_history
2024-10-09 20:00:24,400 DEBUG   HandlerThread:37665 [handler.py:handle_request():158] handle_request: partial_history
2024-10-09 20:00:24,400 DEBUG   HandlerThread:37665 [handler.py:handle_request():158] handle_request: partial_history
2024-10-09 20:00:24,400 DEBUG   HandlerThread:37665 [handler.py:handle_request():158] handle_request: partial_history
2024-10-09 20:00:24,400 DEBUG   HandlerThread:37665 [handler.py:handle_request():158] handle_request: partial_history
2024-10-09 20:00:24,401 DEBUG   HandlerThread:37665 [handler.py:handle_request():158] handle_request: partial_history
2024-10-09 20:00:24,401 DEBUG   HandlerThread:37665 [handler.py:handle_request():158] handle_request: partial_history
2024-10-09 20:00:24,401 DEBUG   HandlerThread:37665 [handler.py:handle_request():158] handle_request: partial_history
2024-10-09 20:00:24,401 DEBUG   HandlerThread:37665 [handler.py:handle_request():158] handle_request: partial_history
2024-10-09 20:00:24,886 DEBUG   HandlerThread:37665 [handler.py:handle_request():158] handle_request: stop_status
2024-10-09 20:00:24,887 DEBUG   SenderThread:37665 [sender.py:send_request():418] send_request: stop_status
2024-10-09 20:00:25,100 DEBUG   HandlerThread:37665 [handler.py:handle_request():158] handle_request: status_report
2024-10-09 20:00:29,291 INFO    Thread-13 :37665 [dir_watcher.py:_on_file_modified():288] file/dir modified: /Users/shamba/Desktop/Paper 1 - HAR RL/NODATA_MarginMultistepCL/wandb/run-20241009_200004-eaitvj8q/files/output.log
2024-10-09 20:00:29,887 DEBUG   HandlerThread:37665 [handler.py:handle_request():158] handle_request: internal_messages
2024-10-09 20:00:30,891 DEBUG   HandlerThread:37665 [handler.py:handle_request():158] handle_request: status_report
2024-10-09 20:00:32,647 DEBUG   HandlerThread:37665 [handler.py:handle_request():158] handle_request: partial_history
2024-10-09 20:00:32,647 DEBUG   HandlerThread:37665 [handler.py:handle_request():158] handle_request: partial_history
2024-10-09 20:00:32,648 DEBUG   HandlerThread:37665 [handler.py:handle_request():158] handle_request: partial_history
2024-10-09 20:00:32,648 DEBUG   HandlerThread:37665 [handler.py:handle_request():158] handle_request: partial_history
2024-10-09 20:00:32,648 DEBUG   HandlerThread:37665 [handler.py:handle_request():158] handle_request: partial_history
2024-10-09 20:00:32,648 DEBUG   HandlerThread:37665 [handler.py:handle_request():158] handle_request: partial_history
2024-10-09 20:00:32,649 DEBUG   HandlerThread:37665 [handler.py:handle_request():158] handle_request: partial_history
2024-10-09 20:00:32,649 DEBUG   HandlerThread:37665 [handler.py:handle_request():158] handle_request: partial_history
2024-10-09 20:00:32,649 DEBUG   HandlerThread:37665 [handler.py:handle_request():158] handle_request: partial_history
2024-10-09 20:00:32,649 DEBUG   HandlerThread:37665 [handler.py:handle_request():158] handle_request: partial_history
2024-10-09 20:00:32,649 DEBUG   HandlerThread:37665 [handler.py:handle_request():158] handle_request: partial_history
2024-10-09 20:00:32,649 DEBUG   HandlerThread:37665 [handler.py:handle_request():158] handle_request: partial_history
2024-10-09 20:00:32,649 DEBUG   HandlerThread:37665 [handler.py:handle_request():158] handle_request: partial_history
2024-10-09 20:00:32,650 DEBUG   HandlerThread:37665 [handler.py:handle_request():158] handle_request: partial_history
2024-10-09 20:00:32,650 DEBUG   HandlerThread:37665 [handler.py:handle_request():158] handle_request: partial_history
2024-10-09 20:00:32,650 DEBUG   HandlerThread:37665 [handler.py:handle_request():158] handle_request: partial_history
2024-10-09 20:00:32,650 DEBUG   HandlerThread:37665 [handler.py:handle_request():158] handle_request: partial_history
2024-10-09 20:00:32,650 DEBUG   HandlerThread:37665 [handler.py:handle_request():158] handle_request: partial_history
2024-10-09 20:00:32,650 DEBUG   HandlerThread:37665 [handler.py:handle_request():158] handle_request: partial_history
2024-10-09 20:00:32,651 DEBUG   HandlerThread:37665 [handler.py:handle_request():158] handle_request: partial_history
2024-10-09 20:00:32,651 DEBUG   HandlerThread:37665 [handler.py:handle_request():158] handle_request: partial_history
2024-10-09 20:00:32,651 DEBUG   HandlerThread:37665 [handler.py:handle_request():158] handle_request: partial_history
2024-10-09 20:00:32,651 DEBUG   HandlerThread:37665 [handler.py:handle_request():158] handle_request: partial_history
2024-10-09 20:00:32,652 DEBUG   HandlerThread:37665 [handler.py:handle_request():158] handle_request: partial_history
2024-10-09 20:00:32,652 DEBUG   HandlerThread:37665 [handler.py:handle_request():158] handle_request: partial_history
2024-10-09 20:00:32,652 DEBUG   HandlerThread:37665 [handler.py:handle_request():158] handle_request: partial_history
2024-10-09 20:00:32,653 DEBUG   HandlerThread:37665 [handler.py:handle_request():158] handle_request: partial_history
2024-10-09 20:00:32,653 DEBUG   HandlerThread:37665 [handler.py:handle_request():158] handle_request: partial_history
2024-10-09 20:00:32,653 DEBUG   HandlerThread:37665 [handler.py:handle_request():158] handle_request: partial_history
2024-10-09 20:00:32,653 DEBUG   HandlerThread:37665 [handler.py:handle_request():158] handle_request: partial_history
2024-10-09 20:00:32,654 DEBUG   HandlerThread:37665 [handler.py:handle_request():158] handle_request: partial_history
2024-10-09 20:00:32,654 DEBUG   HandlerThread:37665 [handler.py:handle_request():158] handle_request: partial_history
2024-10-09 20:00:32,655 DEBUG   HandlerThread:37665 [handler.py:handle_request():158] handle_request: partial_history
2024-10-09 20:00:32,655 DEBUG   HandlerThread:37665 [handler.py:handle_request():158] handle_request: partial_history
2024-10-09 20:00:32,655 DEBUG   HandlerThread:37665 [handler.py:handle_request():158] handle_request: partial_history
2024-10-09 20:00:32,655 DEBUG   HandlerThread:37665 [handler.py:handle_request():158] handle_request: partial_history
2024-10-09 20:00:32,655 DEBUG   HandlerThread:37665 [handler.py:handle_request():158] handle_request: partial_history
2024-10-09 20:00:32,656 DEBUG   HandlerThread:37665 [handler.py:handle_request():158] handle_request: partial_history
2024-10-09 20:00:32,656 DEBUG   HandlerThread:37665 [handler.py:handle_request():158] handle_request: partial_history
2024-10-09 20:00:32,656 DEBUG   HandlerThread:37665 [handler.py:handle_request():158] handle_request: partial_history
2024-10-09 20:00:32,657 DEBUG   HandlerThread:37665 [handler.py:handle_request():158] handle_request: partial_history
2024-10-09 20:00:32,657 DEBUG   HandlerThread:37665 [handler.py:handle_request():158] handle_request: partial_history
2024-10-09 20:00:32,657 DEBUG   HandlerThread:37665 [handler.py:handle_request():158] handle_request: partial_history
2024-10-09 20:00:32,657 DEBUG   HandlerThread:37665 [handler.py:handle_request():158] handle_request: partial_history
2024-10-09 20:00:35,902 DEBUG   HandlerThread:37665 [handler.py:handle_request():158] handle_request: status_report
2024-10-09 20:00:36,330 INFO    Thread-13 :37665 [dir_watcher.py:_on_file_modified():288] file/dir modified: /Users/shamba/Desktop/Paper 1 - HAR RL/NODATA_MarginMultistepCL/wandb/run-20241009_200004-eaitvj8q/files/config.yaml
2024-10-09 20:00:39,340 INFO    Thread-13 :37665 [dir_watcher.py:_on_file_modified():288] file/dir modified: /Users/shamba/Desktop/Paper 1 - HAR RL/NODATA_MarginMultistepCL/wandb/run-20241009_200004-eaitvj8q/files/output.log
2024-10-09 20:00:39,893 DEBUG   HandlerThread:37665 [handler.py:handle_request():158] handle_request: stop_status
2024-10-09 20:00:39,893 DEBUG   HandlerThread:37665 [handler.py:handle_request():158] handle_request: internal_messages
2024-10-09 20:00:39,893 DEBUG   SenderThread:37665 [sender.py:send_request():418] send_request: stop_status
2024-10-09 20:00:40,599 DEBUG   HandlerThread:37665 [handler.py:handle_request():158] handle_request: partial_history
2024-10-09 20:00:40,599 DEBUG   HandlerThread:37665 [handler.py:handle_request():158] handle_request: partial_history
2024-10-09 20:00:40,599 DEBUG   HandlerThread:37665 [handler.py:handle_request():158] handle_request: partial_history
2024-10-09 20:00:40,600 DEBUG   HandlerThread:37665 [handler.py:handle_request():158] handle_request: partial_history
2024-10-09 20:00:40,600 DEBUG   HandlerThread:37665 [handler.py:handle_request():158] handle_request: partial_history
2024-10-09 20:00:40,600 DEBUG   HandlerThread:37665 [handler.py:handle_request():158] handle_request: partial_history
2024-10-09 20:00:40,601 DEBUG   HandlerThread:37665 [handler.py:handle_request():158] handle_request: partial_history
2024-10-09 20:00:40,601 DEBUG   HandlerThread:37665 [handler.py:handle_request():158] handle_request: partial_history
2024-10-09 20:00:40,601 DEBUG   HandlerThread:37665 [handler.py:handle_request():158] handle_request: partial_history
2024-10-09 20:00:40,601 DEBUG   HandlerThread:37665 [handler.py:handle_request():158] handle_request: partial_history
2024-10-09 20:00:40,601 DEBUG   HandlerThread:37665 [handler.py:handle_request():158] handle_request: partial_history
2024-10-09 20:00:40,601 DEBUG   HandlerThread:37665 [handler.py:handle_request():158] handle_request: partial_history
2024-10-09 20:00:40,601 DEBUG   HandlerThread:37665 [handler.py:handle_request():158] handle_request: partial_history
2024-10-09 20:00:40,602 DEBUG   HandlerThread:37665 [handler.py:handle_request():158] handle_request: partial_history
2024-10-09 20:00:40,602 DEBUG   HandlerThread:37665 [handler.py:handle_request():158] handle_request: partial_history
2024-10-09 20:00:40,602 DEBUG   HandlerThread:37665 [handler.py:handle_request():158] handle_request: partial_history
2024-10-09 20:00:40,602 DEBUG   HandlerThread:37665 [handler.py:handle_request():158] handle_request: partial_history
2024-10-09 20:00:40,602 DEBUG   HandlerThread:37665 [handler.py:handle_request():158] handle_request: partial_history
2024-10-09 20:00:40,603 DEBUG   HandlerThread:37665 [handler.py:handle_request():158] handle_request: partial_history
2024-10-09 20:00:40,603 DEBUG   HandlerThread:37665 [handler.py:handle_request():158] handle_request: partial_history
2024-10-09 20:00:40,603 DEBUG   HandlerThread:37665 [handler.py:handle_request():158] handle_request: partial_history
2024-10-09 20:00:40,603 DEBUG   HandlerThread:37665 [handler.py:handle_request():158] handle_request: partial_history
2024-10-09 20:00:40,604 DEBUG   HandlerThread:37665 [handler.py:handle_request():158] handle_request: partial_history
2024-10-09 20:00:40,604 DEBUG   HandlerThread:37665 [handler.py:handle_request():158] handle_request: partial_history
2024-10-09 20:00:40,604 DEBUG   HandlerThread:37665 [handler.py:handle_request():158] handle_request: partial_history
2024-10-09 20:00:40,604 DEBUG   HandlerThread:37665 [handler.py:handle_request():158] handle_request: partial_history
2024-10-09 20:00:40,605 DEBUG   HandlerThread:37665 [handler.py:handle_request():158] handle_request: partial_history
2024-10-09 20:00:40,605 DEBUG   HandlerThread:37665 [handler.py:handle_request():158] handle_request: partial_history
2024-10-09 20:00:40,606 DEBUG   HandlerThread:37665 [handler.py:handle_request():158] handle_request: partial_history
2024-10-09 20:00:40,606 DEBUG   HandlerThread:37665 [handler.py:handle_request():158] handle_request: partial_history
2024-10-09 20:00:40,607 DEBUG   HandlerThread:37665 [handler.py:handle_request():158] handle_request: partial_history
2024-10-09 20:00:40,607 DEBUG   HandlerThread:37665 [handler.py:handle_request():158] handle_request: partial_history
2024-10-09 20:00:40,607 DEBUG   HandlerThread:37665 [handler.py:handle_request():158] handle_request: partial_history
2024-10-09 20:00:40,607 DEBUG   HandlerThread:37665 [handler.py:handle_request():158] handle_request: partial_history
2024-10-09 20:00:40,608 DEBUG   HandlerThread:37665 [handler.py:handle_request():158] handle_request: partial_history
2024-10-09 20:00:40,608 DEBUG   HandlerThread:37665 [handler.py:handle_request():158] handle_request: partial_history
2024-10-09 20:00:40,608 DEBUG   HandlerThread:37665 [handler.py:handle_request():158] handle_request: partial_history
2024-10-09 20:00:40,608 DEBUG   HandlerThread:37665 [handler.py:handle_request():158] handle_request: partial_history
2024-10-09 20:00:40,608 DEBUG   HandlerThread:37665 [handler.py:handle_request():158] handle_request: partial_history
2024-10-09 20:00:40,609 DEBUG   HandlerThread:37665 [handler.py:handle_request():158] handle_request: partial_history
2024-10-09 20:00:40,609 DEBUG   HandlerThread:37665 [handler.py:handle_request():158] handle_request: partial_history
2024-10-09 20:00:40,609 DEBUG   HandlerThread:37665 [handler.py:handle_request():158] handle_request: partial_history
2024-10-09 20:00:40,609 DEBUG   HandlerThread:37665 [handler.py:handle_request():158] handle_request: partial_history
2024-10-09 20:00:40,610 DEBUG   HandlerThread:37665 [handler.py:handle_request():158] handle_request: partial_history
2024-10-09 20:00:41,250 DEBUG   HandlerThread:37665 [handler.py:handle_request():158] handle_request: status_report
2024-10-09 20:00:47,091 DEBUG   HandlerThread:37665 [handler.py:handle_request():158] handle_request: status_report
2024-10-09 20:00:47,380 INFO    Thread-13 :37665 [dir_watcher.py:_on_file_modified():288] file/dir modified: /Users/shamba/Desktop/Paper 1 - HAR RL/NODATA_MarginMultistepCL/wandb/run-20241009_200004-eaitvj8q/files/output.log
2024-10-09 20:00:47,964 DEBUG   HandlerThread:37665 [handler.py:handle_request():158] handle_request: partial_history
2024-10-09 20:00:47,964 DEBUG   HandlerThread:37665 [handler.py:handle_request():158] handle_request: partial_history
2024-10-09 20:00:47,965 DEBUG   HandlerThread:37665 [handler.py:handle_request():158] handle_request: partial_history
2024-10-09 20:00:47,965 DEBUG   HandlerThread:37665 [handler.py:handle_request():158] handle_request: partial_history
2024-10-09 20:00:47,965 DEBUG   HandlerThread:37665 [handler.py:handle_request():158] handle_request: partial_history
2024-10-09 20:00:47,965 DEBUG   HandlerThread:37665 [handler.py:handle_request():158] handle_request: partial_history
2024-10-09 20:00:47,965 DEBUG   HandlerThread:37665 [handler.py:handle_request():158] handle_request: partial_history
2024-10-09 20:00:47,966 DEBUG   HandlerThread:37665 [handler.py:handle_request():158] handle_request: partial_history
2024-10-09 20:00:47,966 DEBUG   HandlerThread:37665 [handler.py:handle_request():158] handle_request: partial_history
2024-10-09 20:00:47,966 DEBUG   HandlerThread:37665 [handler.py:handle_request():158] handle_request: partial_history
2024-10-09 20:00:47,966 DEBUG   HandlerThread:37665 [handler.py:handle_request():158] handle_request: partial_history
2024-10-09 20:00:47,966 DEBUG   HandlerThread:37665 [handler.py:handle_request():158] handle_request: partial_history
2024-10-09 20:00:47,966 DEBUG   HandlerThread:37665 [handler.py:handle_request():158] handle_request: partial_history
2024-10-09 20:00:47,966 DEBUG   HandlerThread:37665 [handler.py:handle_request():158] handle_request: partial_history
2024-10-09 20:00:47,966 DEBUG   HandlerThread:37665 [handler.py:handle_request():158] handle_request: partial_history
2024-10-09 20:00:47,967 DEBUG   HandlerThread:37665 [handler.py:handle_request():158] handle_request: partial_history
2024-10-09 20:00:47,967 DEBUG   HandlerThread:37665 [handler.py:handle_request():158] handle_request: partial_history
2024-10-09 20:00:47,967 DEBUG   HandlerThread:37665 [handler.py:handle_request():158] handle_request: partial_history
2024-10-09 20:00:47,967 DEBUG   HandlerThread:37665 [handler.py:handle_request():158] handle_request: partial_history
2024-10-09 20:00:47,967 DEBUG   HandlerThread:37665 [handler.py:handle_request():158] handle_request: partial_history
2024-10-09 20:00:47,968 DEBUG   HandlerThread:37665 [handler.py:handle_request():158] handle_request: partial_history
2024-10-09 20:00:47,968 DEBUG   HandlerThread:37665 [handler.py:handle_request():158] handle_request: partial_history
2024-10-09 20:00:47,968 DEBUG   HandlerThread:37665 [handler.py:handle_request():158] handle_request: partial_history
2024-10-09 20:00:47,968 DEBUG   HandlerThread:37665 [handler.py:handle_request():158] handle_request: partial_history
2024-10-09 20:00:47,969 DEBUG   HandlerThread:37665 [handler.py:handle_request():158] handle_request: partial_history
2024-10-09 20:00:47,969 DEBUG   HandlerThread:37665 [handler.py:handle_request():158] handle_request: partial_history
2024-10-09 20:00:47,969 DEBUG   HandlerThread:37665 [handler.py:handle_request():158] handle_request: partial_history
2024-10-09 20:00:47,970 DEBUG   HandlerThread:37665 [handler.py:handle_request():158] handle_request: partial_history
2024-10-09 20:00:47,970 DEBUG   HandlerThread:37665 [handler.py:handle_request():158] handle_request: partial_history
2024-10-09 20:00:47,970 DEBUG   HandlerThread:37665 [handler.py:handle_request():158] handle_request: partial_history
2024-10-09 20:00:47,971 DEBUG   HandlerThread:37665 [handler.py:handle_request():158] handle_request: partial_history
2024-10-09 20:00:47,971 DEBUG   HandlerThread:37665 [handler.py:handle_request():158] handle_request: partial_history
2024-10-09 20:00:47,972 DEBUG   HandlerThread:37665 [handler.py:handle_request():158] handle_request: partial_history
2024-10-09 20:00:47,972 DEBUG   HandlerThread:37665 [handler.py:handle_request():158] handle_request: partial_history
2024-10-09 20:00:47,972 DEBUG   HandlerThread:37665 [handler.py:handle_request():158] handle_request: partial_history
2024-10-09 20:00:47,972 DEBUG   HandlerThread:37665 [handler.py:handle_request():158] handle_request: partial_history
2024-10-09 20:00:47,972 DEBUG   HandlerThread:37665 [handler.py:handle_request():158] handle_request: partial_history
2024-10-09 20:00:47,972 DEBUG   HandlerThread:37665 [handler.py:handle_request():158] handle_request: partial_history
2024-10-09 20:00:47,973 DEBUG   HandlerThread:37665 [handler.py:handle_request():158] handle_request: partial_history
2024-10-09 20:00:47,973 DEBUG   HandlerThread:37665 [handler.py:handle_request():158] handle_request: partial_history
2024-10-09 20:00:47,973 DEBUG   HandlerThread:37665 [handler.py:handle_request():158] handle_request: partial_history
2024-10-09 20:00:47,974 DEBUG   HandlerThread:37665 [handler.py:handle_request():158] handle_request: partial_history
2024-10-09 20:00:47,974 DEBUG   HandlerThread:37665 [handler.py:handle_request():158] handle_request: partial_history
2024-10-09 20:00:47,974 DEBUG   HandlerThread:37665 [handler.py:handle_request():158] handle_request: partial_history
2024-10-09 20:00:49,899 DEBUG   HandlerThread:37665 [handler.py:handle_request():158] handle_request: internal_messages
2024-10-09 20:00:52,227 DEBUG   HandlerThread:37665 [handler.py:handle_request():158] handle_request: partial_history
2024-10-09 20:00:52,228 DEBUG   HandlerThread:37665 [handler.py:handle_request():158] handle_request: partial_history
2024-10-09 20:00:52,228 DEBUG   HandlerThread:37665 [handler.py:handle_request():158] handle_request: partial_history
2024-10-09 20:00:52,228 DEBUG   HandlerThread:37665 [handler.py:handle_request():158] handle_request: partial_history
2024-10-09 20:00:52,228 DEBUG   HandlerThread:37665 [handler.py:handle_request():158] handle_request: partial_history
2024-10-09 20:00:52,228 DEBUG   HandlerThread:37665 [handler.py:handle_request():158] handle_request: partial_history
2024-10-09 20:00:52,229 DEBUG   HandlerThread:37665 [handler.py:handle_request():158] handle_request: partial_history
2024-10-09 20:00:52,229 DEBUG   HandlerThread:37665 [handler.py:handle_request():158] handle_request: partial_history
2024-10-09 20:00:52,229 DEBUG   HandlerThread:37665 [handler.py:handle_request():158] handle_request: partial_history
2024-10-09 20:00:52,229 DEBUG   HandlerThread:37665 [handler.py:handle_request():158] handle_request: partial_history
2024-10-09 20:00:52,229 DEBUG   HandlerThread:37665 [handler.py:handle_request():158] handle_request: partial_history
2024-10-09 20:00:52,229 DEBUG   HandlerThread:37665 [handler.py:handle_request():158] handle_request: partial_history
2024-10-09 20:00:52,229 DEBUG   HandlerThread:37665 [handler.py:handle_request():158] handle_request: partial_history
2024-10-09 20:00:52,229 DEBUG   HandlerThread:37665 [handler.py:handle_request():158] handle_request: partial_history
2024-10-09 20:00:52,230 DEBUG   HandlerThread:37665 [handler.py:handle_request():158] handle_request: partial_history
2024-10-09 20:00:52,230 DEBUG   HandlerThread:37665 [handler.py:handle_request():158] handle_request: partial_history
2024-10-09 20:00:52,230 DEBUG   HandlerThread:37665 [handler.py:handle_request():158] handle_request: partial_history
2024-10-09 20:00:52,230 DEBUG   HandlerThread:37665 [handler.py:handle_request():158] handle_request: partial_history
2024-10-09 20:00:52,230 DEBUG   HandlerThread:37665 [handler.py:handle_request():158] handle_request: partial_history
2024-10-09 20:00:52,231 DEBUG   HandlerThread:37665 [handler.py:handle_request():158] handle_request: partial_history
2024-10-09 20:00:52,231 DEBUG   HandlerThread:37665 [handler.py:handle_request():158] handle_request: partial_history
2024-10-09 20:00:52,231 DEBUG   HandlerThread:37665 [handler.py:handle_request():158] handle_request: partial_history
2024-10-09 20:00:52,231 DEBUG   HandlerThread:37665 [handler.py:handle_request():158] handle_request: partial_history
2024-10-09 20:00:52,232 DEBUG   HandlerThread:37665 [handler.py:handle_request():158] handle_request: partial_history
2024-10-09 20:00:52,232 DEBUG   HandlerThread:37665 [handler.py:handle_request():158] handle_request: partial_history
2024-10-09 20:00:52,232 DEBUG   HandlerThread:37665 [handler.py:handle_request():158] handle_request: partial_history
2024-10-09 20:00:52,232 DEBUG   HandlerThread:37665 [handler.py:handle_request():158] handle_request: partial_history
2024-10-09 20:00:52,233 DEBUG   HandlerThread:37665 [handler.py:handle_request():158] handle_request: partial_history
2024-10-09 20:00:52,233 DEBUG   HandlerThread:37665 [handler.py:handle_request():158] handle_request: partial_history
2024-10-09 20:00:52,233 DEBUG   HandlerThread:37665 [handler.py:handle_request():158] handle_request: partial_history
2024-10-09 20:00:52,234 DEBUG   HandlerThread:37665 [handler.py:handle_request():158] handle_request: partial_history
2024-10-09 20:00:52,234 DEBUG   HandlerThread:37665 [handler.py:handle_request():158] handle_request: partial_history
2024-10-09 20:00:52,235 DEBUG   HandlerThread:37665 [handler.py:handle_request():158] handle_request: partial_history
2024-10-09 20:00:52,235 DEBUG   HandlerThread:37665 [handler.py:handle_request():158] handle_request: partial_history
2024-10-09 20:00:52,235 DEBUG   HandlerThread:37665 [handler.py:handle_request():158] handle_request: partial_history
2024-10-09 20:00:52,235 DEBUG   HandlerThread:37665 [handler.py:handle_request():158] handle_request: partial_history
2024-10-09 20:00:52,235 DEBUG   HandlerThread:37665 [handler.py:handle_request():158] handle_request: partial_history
2024-10-09 20:00:52,235 DEBUG   HandlerThread:37665 [handler.py:handle_request():158] handle_request: partial_history
2024-10-09 20:00:52,236 DEBUG   HandlerThread:37665 [handler.py:handle_request():158] handle_request: partial_history
2024-10-09 20:00:52,236 DEBUG   HandlerThread:37665 [handler.py:handle_request():158] handle_request: partial_history
2024-10-09 20:00:52,236 DEBUG   HandlerThread:37665 [handler.py:handle_request():158] handle_request: partial_history
2024-10-09 20:00:52,236 DEBUG   HandlerThread:37665 [handler.py:handle_request():158] handle_request: partial_history
2024-10-09 20:00:52,237 DEBUG   HandlerThread:37665 [handler.py:handle_request():158] handle_request: partial_history
2024-10-09 20:00:52,237 DEBUG   HandlerThread:37665 [handler.py:handle_request():158] handle_request: partial_history
2024-10-09 20:00:52,921 DEBUG   HandlerThread:37665 [handler.py:handle_request():158] handle_request: status_report
2024-10-09 20:00:54,897 DEBUG   HandlerThread:37665 [handler.py:handle_request():158] handle_request: stop_status
2024-10-09 20:00:54,898 DEBUG   SenderThread:37665 [sender.py:send_request():418] send_request: stop_status
2024-10-09 20:00:58,618 DEBUG   HandlerThread:37665 [handler.py:handle_request():158] handle_request: status_report
2024-10-09 20:00:58,905 DEBUG   HandlerThread:37665 [handler.py:handle_request():158] handle_request: partial_history
2024-10-09 20:00:58,915 DEBUG   SenderThread:37665 [sender.py:send():391] send: metric
2024-10-09 20:00:58,915 DEBUG   SenderThread:37665 [sender.py:send():391] send: metric
2024-10-09 20:00:58,915 DEBUG   SenderThread:37665 [sender.py:send():391] send: metric
2024-10-09 20:00:58,915 DEBUG   SenderThread:37665 [sender.py:send():391] send: metric
2024-10-09 20:00:58,915 DEBUG   SenderThread:37665 [sender.py:send():391] send: metric
2024-10-09 20:00:58,915 DEBUG   SenderThread:37665 [sender.py:send():391] send: metric
2024-10-09 20:00:58,915 DEBUG   SenderThread:37665 [sender.py:send():391] send: metric
2024-10-09 20:00:58,915 DEBUG   SenderThread:37665 [sender.py:send():391] send: metric
2024-10-09 20:00:58,915 DEBUG   SenderThread:37665 [sender.py:send():391] send: metric
2024-10-09 20:00:58,915 DEBUG   SenderThread:37665 [sender.py:send():391] send: metric
2024-10-09 20:00:58,915 DEBUG   SenderThread:37665 [sender.py:send():391] send: metric
2024-10-09 20:00:58,915 DEBUG   SenderThread:37665 [sender.py:send():391] send: metric
2024-10-09 20:00:58,915 DEBUG   SenderThread:37665 [sender.py:send():391] send: metric
2024-10-09 20:00:58,915 DEBUG   SenderThread:37665 [sender.py:send():391] send: metric
2024-10-09 20:00:58,915 DEBUG   SenderThread:37665 [sender.py:send():391] send: metric
2024-10-09 20:00:58,915 DEBUG   SenderThread:37665 [sender.py:send():391] send: metric
2024-10-09 20:00:58,915 DEBUG   SenderThread:37665 [sender.py:send():391] send: metric
2024-10-09 20:00:58,915 DEBUG   SenderThread:37665 [sender.py:send():391] send: metric
2024-10-09 20:00:58,915 DEBUG   SenderThread:37665 [sender.py:send():391] send: metric
2024-10-09 20:00:58,915 DEBUG   SenderThread:37665 [sender.py:send():391] send: metric
2024-10-09 20:00:58,915 DEBUG   SenderThread:37665 [sender.py:send():391] send: metric
2024-10-09 20:00:58,915 DEBUG   SenderThread:37665 [sender.py:send():391] send: metric
2024-10-09 20:00:58,915 DEBUG   SenderThread:37665 [sender.py:send():391] send: metric
2024-10-09 20:00:58,915 DEBUG   SenderThread:37665 [sender.py:send():391] send: metric
2024-10-09 20:00:58,915 DEBUG   SenderThread:37665 [sender.py:send():391] send: metric
2024-10-09 20:00:58,915 DEBUG   SenderThread:37665 [sender.py:send():391] send: metric
2024-10-09 20:00:58,915 DEBUG   SenderThread:37665 [sender.py:send():391] send: metric
2024-10-09 20:00:58,915 DEBUG   SenderThread:37665 [sender.py:send():391] send: metric
2024-10-09 20:00:58,915 DEBUG   SenderThread:37665 [sender.py:send():391] send: metric
2024-10-09 20:00:58,915 DEBUG   SenderThread:37665 [sender.py:send():391] send: metric
2024-10-09 20:00:58,915 DEBUG   SenderThread:37665 [sender.py:send():391] send: metric
2024-10-09 20:00:58,915 DEBUG   SenderThread:37665 [sender.py:send():391] send: metric
2024-10-09 20:00:58,915 DEBUG   SenderThread:37665 [sender.py:send():391] send: metric
2024-10-09 20:00:58,915 DEBUG   SenderThread:37665 [sender.py:send():391] send: metric
2024-10-09 20:00:58,916 DEBUG   SenderThread:37665 [sender.py:send():391] send: metric
2024-10-09 20:00:58,916 DEBUG   SenderThread:37665 [sender.py:send():391] send: metric
2024-10-09 20:00:58,916 DEBUG   SenderThread:37665 [sender.py:send():391] send: metric
2024-10-09 20:00:58,916 DEBUG   SenderThread:37665 [sender.py:send():391] send: metric
2024-10-09 20:00:58,916 DEBUG   SenderThread:37665 [sender.py:send():391] send: metric
2024-10-09 20:00:58,916 DEBUG   SenderThread:37665 [sender.py:send():391] send: metric
2024-10-09 20:00:58,916 DEBUG   SenderThread:37665 [sender.py:send():391] send: metric
2024-10-09 20:00:58,916 DEBUG   SenderThread:37665 [sender.py:send():391] send: metric
2024-10-09 20:00:58,916 DEBUG   SenderThread:37665 [sender.py:send():391] send: metric
2024-10-09 20:00:58,916 DEBUG   SenderThread:37665 [sender.py:send():391] send: metric
2024-10-09 20:00:58,916 DEBUG   SenderThread:37665 [sender.py:send():391] send: metric
2024-10-09 20:00:58,916 DEBUG   SenderThread:37665 [sender.py:send():391] send: metric
2024-10-09 20:00:58,916 DEBUG   SenderThread:37665 [sender.py:send():391] send: metric
2024-10-09 20:00:58,916 DEBUG   SenderThread:37665 [sender.py:send():391] send: metric
2024-10-09 20:00:58,916 DEBUG   SenderThread:37665 [sender.py:send():391] send: metric
2024-10-09 20:00:58,916 DEBUG   SenderThread:37665 [sender.py:send():391] send: metric
2024-10-09 20:00:58,916 DEBUG   SenderThread:37665 [sender.py:send():391] send: metric
2024-10-09 20:00:58,916 DEBUG   SenderThread:37665 [sender.py:send():391] send: metric
2024-10-09 20:00:58,916 DEBUG   SenderThread:37665 [sender.py:send():391] send: metric
2024-10-09 20:00:58,916 DEBUG   SenderThread:37665 [sender.py:send():391] send: metric
2024-10-09 20:00:58,916 DEBUG   SenderThread:37665 [sender.py:send():391] send: metric
2024-10-09 20:00:58,916 DEBUG   SenderThread:37665 [sender.py:send():391] send: metric
2024-10-09 20:00:58,916 DEBUG   SenderThread:37665 [sender.py:send():391] send: metric
2024-10-09 20:00:58,916 DEBUG   SenderThread:37665 [sender.py:send():391] send: metric
2024-10-09 20:00:58,916 DEBUG   SenderThread:37665 [sender.py:send():391] send: metric
2024-10-09 20:00:58,916 DEBUG   SenderThread:37665 [sender.py:send():391] send: metric
2024-10-09 20:00:58,916 DEBUG   SenderThread:37665 [sender.py:send():391] send: metric
2024-10-09 20:00:58,916 DEBUG   SenderThread:37665 [sender.py:send():391] send: metric
2024-10-09 20:00:58,916 DEBUG   SenderThread:37665 [sender.py:send():391] send: metric
2024-10-09 20:00:58,916 DEBUG   SenderThread:37665 [sender.py:send():391] send: metric
2024-10-09 20:00:58,916 DEBUG   SenderThread:37665 [sender.py:send():391] send: metric
2024-10-09 20:00:58,916 DEBUG   SenderThread:37665 [sender.py:send():391] send: metric
2024-10-09 20:00:58,916 DEBUG   SenderThread:37665 [sender.py:send():391] send: metric
2024-10-09 20:00:58,917 DEBUG   SenderThread:37665 [sender.py:send():391] send: metric
2024-10-09 20:00:58,917 DEBUG   SenderThread:37665 [sender.py:send():391] send: metric
2024-10-09 20:00:58,917 DEBUG   SenderThread:37665 [sender.py:send():391] send: metric
2024-10-09 20:00:58,917 DEBUG   SenderThread:37665 [sender.py:send():391] send: metric
2024-10-09 20:00:58,917 DEBUG   SenderThread:37665 [sender.py:send():391] send: metric
2024-10-09 20:00:58,917 DEBUG   SenderThread:37665 [sender.py:send():391] send: metric
2024-10-09 20:00:58,917 DEBUG   SenderThread:37665 [sender.py:send():391] send: metric
2024-10-09 20:00:58,917 DEBUG   SenderThread:37665 [sender.py:send():391] send: metric
2024-10-09 20:00:58,917 DEBUG   SenderThread:37665 [sender.py:send():391] send: metric
2024-10-09 20:00:58,917 DEBUG   SenderThread:37665 [sender.py:send():391] send: metric
2024-10-09 20:00:58,917 DEBUG   SenderThread:37665 [sender.py:send():391] send: metric
2024-10-09 20:00:58,917 DEBUG   SenderThread:37665 [sender.py:send():391] send: metric
2024-10-09 20:00:58,917 DEBUG   SenderThread:37665 [sender.py:send():391] send: metric
2024-10-09 20:00:58,917 DEBUG   SenderThread:37665 [sender.py:send():391] send: metric
2024-10-09 20:00:58,917 DEBUG   SenderThread:37665 [sender.py:send():391] send: metric
2024-10-09 20:00:58,917 DEBUG   SenderThread:37665 [sender.py:send():391] send: metric
2024-10-09 20:00:58,917 DEBUG   SenderThread:37665 [sender.py:send():391] send: metric
2024-10-09 20:00:58,917 DEBUG   SenderThread:37665 [sender.py:send():391] send: metric
2024-10-09 20:00:58,917 DEBUG   SenderThread:37665 [sender.py:send():391] send: metric
2024-10-09 20:00:58,917 DEBUG   SenderThread:37665 [sender.py:send():391] send: metric
2024-10-09 20:00:58,917 DEBUG   SenderThread:37665 [sender.py:send():391] send: metric
2024-10-09 20:00:58,917 DEBUG   SenderThread:37665 [sender.py:send():391] send: metric
2024-10-09 20:00:58,917 DEBUG   SenderThread:37665 [sender.py:send():391] send: metric
2024-10-09 20:00:58,917 DEBUG   SenderThread:37665 [sender.py:send():391] send: metric
2024-10-09 20:00:58,917 DEBUG   SenderThread:37665 [sender.py:send():391] send: metric
2024-10-09 20:00:58,917 DEBUG   SenderThread:37665 [sender.py:send():391] send: metric
2024-10-09 20:00:58,917 DEBUG   SenderThread:37665 [sender.py:send():391] send: metric
2024-10-09 20:00:58,917 DEBUG   SenderThread:37665 [sender.py:send():391] send: metric
2024-10-09 20:00:58,917 DEBUG   SenderThread:37665 [sender.py:send():391] send: metric
2024-10-09 20:00:58,917 DEBUG   SenderThread:37665 [sender.py:send():391] send: metric
2024-10-09 20:00:58,917 DEBUG   SenderThread:37665 [sender.py:send():391] send: metric
2024-10-09 20:00:58,917 DEBUG   SenderThread:37665 [sender.py:send():391] send: metric
2024-10-09 20:00:58,917 DEBUG   SenderThread:37665 [sender.py:send():391] send: metric
2024-10-09 20:00:58,917 DEBUG   SenderThread:37665 [sender.py:send():391] send: metric
2024-10-09 20:00:58,917 DEBUG   SenderThread:37665 [sender.py:send():391] send: metric
2024-10-09 20:00:58,917 DEBUG   SenderThread:37665 [sender.py:send():391] send: metric
2024-10-09 20:00:58,917 DEBUG   SenderThread:37665 [sender.py:send():391] send: metric
2024-10-09 20:00:58,918 DEBUG   SenderThread:37665 [sender.py:send():391] send: metric
2024-10-09 20:00:58,918 DEBUG   SenderThread:37665 [sender.py:send():391] send: metric
2024-10-09 20:00:58,918 DEBUG   SenderThread:37665 [sender.py:send():391] send: metric
2024-10-09 20:00:58,918 DEBUG   SenderThread:37665 [sender.py:send():391] send: metric
2024-10-09 20:00:58,918 DEBUG   SenderThread:37665 [sender.py:send():391] send: metric
2024-10-09 20:00:58,918 DEBUG   SenderThread:37665 [sender.py:send():391] send: metric
2024-10-09 20:00:58,918 DEBUG   SenderThread:37665 [sender.py:send():391] send: metric
2024-10-09 20:00:58,918 DEBUG   SenderThread:37665 [sender.py:send():391] send: metric
2024-10-09 20:00:58,918 DEBUG   SenderThread:37665 [sender.py:send():391] send: metric
2024-10-09 20:00:58,918 DEBUG   SenderThread:37665 [sender.py:send():391] send: metric
2024-10-09 20:00:58,918 DEBUG   SenderThread:37665 [sender.py:send():391] send: metric
2024-10-09 20:00:58,918 DEBUG   SenderThread:37665 [sender.py:send():391] send: metric
2024-10-09 20:00:58,918 DEBUG   SenderThread:37665 [sender.py:send():391] send: metric
2024-10-09 20:00:58,918 DEBUG   SenderThread:37665 [sender.py:send():391] send: metric
2024-10-09 20:00:58,919 DEBUG   SenderThread:37665 [sender.py:send():391] send: metric
2024-10-09 20:00:58,919 DEBUG   SenderThread:37665 [sender.py:send():391] send: metric
2024-10-09 20:00:58,919 DEBUG   SenderThread:37665 [sender.py:send():391] send: metric
2024-10-09 20:00:58,919 DEBUG   SenderThread:37665 [sender.py:send():391] send: metric
2024-10-09 20:00:58,919 DEBUG   SenderThread:37665 [sender.py:send():391] send: metric
2024-10-09 20:00:58,919 DEBUG   SenderThread:37665 [sender.py:send():391] send: metric
2024-10-09 20:00:58,919 DEBUG   SenderThread:37665 [sender.py:send():391] send: metric
2024-10-09 20:00:58,919 DEBUG   SenderThread:37665 [sender.py:send():391] send: metric
2024-10-09 20:00:58,919 DEBUG   SenderThread:37665 [sender.py:send():391] send: metric
2024-10-09 20:00:58,919 DEBUG   SenderThread:37665 [sender.py:send():391] send: metric
2024-10-09 20:00:58,919 DEBUG   SenderThread:37665 [sender.py:send():391] send: metric
2024-10-09 20:00:58,919 DEBUG   SenderThread:37665 [sender.py:send():391] send: metric
2024-10-09 20:00:58,919 DEBUG   SenderThread:37665 [sender.py:send():391] send: metric
2024-10-09 20:00:58,919 DEBUG   SenderThread:37665 [sender.py:send():391] send: metric
2024-10-09 20:00:58,919 DEBUG   SenderThread:37665 [sender.py:send():391] send: metric
2024-10-09 20:00:58,919 DEBUG   SenderThread:37665 [sender.py:send():391] send: metric
2024-10-09 20:00:58,919 DEBUG   SenderThread:37665 [sender.py:send():391] send: metric
2024-10-09 20:00:58,919 DEBUG   SenderThread:37665 [sender.py:send():391] send: metric
2024-10-09 20:00:58,919 DEBUG   SenderThread:37665 [sender.py:send():391] send: metric
2024-10-09 20:00:58,919 DEBUG   SenderThread:37665 [sender.py:send():391] send: history
2024-10-09 20:00:58,921 DEBUG   SenderThread:37665 [sender.py:send_request():418] send_request: summary_record
2024-10-09 20:00:58,923 INFO    SenderThread:37665 [sender.py:_save_file():1466] saving file wandb-summary.json with policy end
2024-10-09 20:00:59,433 INFO    Thread-13 :37665 [dir_watcher.py:_on_file_modified():288] file/dir modified: /Users/shamba/Desktop/Paper 1 - HAR RL/NODATA_MarginMultistepCL/wandb/run-20241009_200004-eaitvj8q/files/output.log
2024-10-09 20:00:59,433 INFO    Thread-13 :37665 [dir_watcher.py:_on_file_created():271] file/dir created: /Users/shamba/Desktop/Paper 1 - HAR RL/NODATA_MarginMultistepCL/wandb/run-20241009_200004-eaitvj8q/files/wandb-summary.json
2024-10-09 20:00:59,901 DEBUG   HandlerThread:37665 [handler.py:handle_request():158] handle_request: internal_messages
2024-10-09 20:01:01,439 INFO    Thread-13 :37665 [dir_watcher.py:_on_file_modified():288] file/dir modified: /Users/shamba/Desktop/Paper 1 - HAR RL/NODATA_MarginMultistepCL/wandb/run-20241009_200004-eaitvj8q/files/output.log
2024-10-09 20:01:03,932 DEBUG   HandlerThread:37665 [handler.py:handle_request():158] handle_request: status_report
2024-10-09 20:01:05,146 DEBUG   HandlerThread:37665 [handler.py:handle_request():158] handle_request: partial_history
2024-10-09 20:01:05,146 DEBUG   HandlerThread:37665 [handler.py:handle_request():158] handle_request: partial_history
2024-10-09 20:01:05,147 DEBUG   HandlerThread:37665 [handler.py:handle_request():158] handle_request: partial_history
2024-10-09 20:01:05,147 DEBUG   HandlerThread:37665 [handler.py:handle_request():158] handle_request: partial_history
2024-10-09 20:01:05,147 DEBUG   HandlerThread:37665 [handler.py:handle_request():158] handle_request: partial_history
2024-10-09 20:01:05,147 DEBUG   HandlerThread:37665 [handler.py:handle_request():158] handle_request: partial_history
2024-10-09 20:01:05,148 DEBUG   HandlerThread:37665 [handler.py:handle_request():158] handle_request: partial_history
2024-10-09 20:01:05,148 DEBUG   HandlerThread:37665 [handler.py:handle_request():158] handle_request: partial_history
2024-10-09 20:01:05,148 DEBUG   HandlerThread:37665 [handler.py:handle_request():158] handle_request: partial_history
2024-10-09 20:01:05,148 DEBUG   HandlerThread:37665 [handler.py:handle_request():158] handle_request: partial_history
2024-10-09 20:01:05,148 DEBUG   HandlerThread:37665 [handler.py:handle_request():158] handle_request: partial_history
2024-10-09 20:01:05,148 DEBUG   HandlerThread:37665 [handler.py:handle_request():158] handle_request: partial_history
2024-10-09 20:01:05,148 DEBUG   HandlerThread:37665 [handler.py:handle_request():158] handle_request: partial_history
2024-10-09 20:01:05,149 DEBUG   HandlerThread:37665 [handler.py:handle_request():158] handle_request: partial_history
2024-10-09 20:01:05,149 DEBUG   HandlerThread:37665 [handler.py:handle_request():158] handle_request: partial_history
2024-10-09 20:01:05,149 DEBUG   HandlerThread:37665 [handler.py:handle_request():158] handle_request: partial_history
2024-10-09 20:01:05,149 DEBUG   HandlerThread:37665 [handler.py:handle_request():158] handle_request: partial_history
2024-10-09 20:01:05,149 DEBUG   HandlerThread:37665 [handler.py:handle_request():158] handle_request: partial_history
2024-10-09 20:01:05,150 DEBUG   HandlerThread:37665 [handler.py:handle_request():158] handle_request: partial_history
2024-10-09 20:01:05,150 DEBUG   HandlerThread:37665 [handler.py:handle_request():158] handle_request: partial_history
2024-10-09 20:01:05,150 DEBUG   HandlerThread:37665 [handler.py:handle_request():158] handle_request: partial_history
2024-10-09 20:01:05,150 DEBUG   HandlerThread:37665 [handler.py:handle_request():158] handle_request: partial_history
2024-10-09 20:01:05,151 DEBUG   HandlerThread:37665 [handler.py:handle_request():158] handle_request: partial_history
2024-10-09 20:01:05,151 DEBUG   HandlerThread:37665 [handler.py:handle_request():158] handle_request: partial_history
2024-10-09 20:01:05,151 DEBUG   HandlerThread:37665 [handler.py:handle_request():158] handle_request: partial_history
2024-10-09 20:01:05,151 DEBUG   HandlerThread:37665 [handler.py:handle_request():158] handle_request: partial_history
2024-10-09 20:01:05,152 DEBUG   HandlerThread:37665 [handler.py:handle_request():158] handle_request: partial_history
2024-10-09 20:01:05,152 DEBUG   HandlerThread:37665 [handler.py:handle_request():158] handle_request: partial_history
2024-10-09 20:01:05,152 DEBUG   HandlerThread:37665 [handler.py:handle_request():158] handle_request: partial_history
2024-10-09 20:01:05,153 DEBUG   HandlerThread:37665 [handler.py:handle_request():158] handle_request: partial_history
2024-10-09 20:01:05,154 DEBUG   HandlerThread:37665 [handler.py:handle_request():158] handle_request: partial_history
2024-10-09 20:01:05,154 DEBUG   HandlerThread:37665 [handler.py:handle_request():158] handle_request: partial_history
2024-10-09 20:01:05,154 DEBUG   HandlerThread:37665 [handler.py:handle_request():158] handle_request: partial_history
2024-10-09 20:01:05,154 DEBUG   HandlerThread:37665 [handler.py:handle_request():158] handle_request: partial_history
2024-10-09 20:01:05,154 DEBUG   HandlerThread:37665 [handler.py:handle_request():158] handle_request: partial_history
2024-10-09 20:01:05,155 DEBUG   HandlerThread:37665 [handler.py:handle_request():158] handle_request: partial_history
2024-10-09 20:01:05,155 DEBUG   HandlerThread:37665 [handler.py:handle_request():158] handle_request: partial_history
2024-10-09 20:01:05,155 DEBUG   HandlerThread:37665 [handler.py:handle_request():158] handle_request: partial_history
2024-10-09 20:01:05,155 DEBUG   HandlerThread:37665 [handler.py:handle_request():158] handle_request: partial_history
2024-10-09 20:01:05,155 DEBUG   HandlerThread:37665 [handler.py:handle_request():158] handle_request: partial_history
2024-10-09 20:01:05,156 DEBUG   HandlerThread:37665 [handler.py:handle_request():158] handle_request: partial_history
2024-10-09 20:01:05,156 DEBUG   HandlerThread:37665 [handler.py:handle_request():158] handle_request: partial_history
2024-10-09 20:01:05,156 DEBUG   HandlerThread:37665 [handler.py:handle_request():158] handle_request: partial_history
2024-10-09 20:01:05,156 DEBUG   HandlerThread:37665 [handler.py:handle_request():158] handle_request: partial_history
2024-10-09 20:01:06,202 DEBUG   SystemMonitor:37665 [system_monitor.py:_start():172] Starting system metrics aggregation loop
2024-10-09 20:01:06,204 DEBUG   SenderThread:37665 [sender.py:send():391] send: telemetry
2024-10-09 20:01:06,204 DEBUG   SenderThread:37665 [sender.py:send():391] send: stats
2024-10-09 20:01:09,404 DEBUG   HandlerThread:37665 [handler.py:handle_request():158] handle_request: status_report
2024-10-09 20:01:09,475 INFO    Thread-13 :37665 [dir_watcher.py:_on_file_modified():288] file/dir modified: /Users/shamba/Desktop/Paper 1 - HAR RL/NODATA_MarginMultistepCL/wandb/run-20241009_200004-eaitvj8q/files/output.log
2024-10-09 20:01:09,899 DEBUG   HandlerThread:37665 [handler.py:handle_request():158] handle_request: stop_status
2024-10-09 20:01:09,900 DEBUG   SenderThread:37665 [sender.py:send_request():418] send_request: stop_status
2024-10-09 20:01:09,905 DEBUG   HandlerThread:37665 [handler.py:handle_request():158] handle_request: internal_messages
2024-10-09 20:01:10,478 INFO    Thread-13 :37665 [dir_watcher.py:_on_file_modified():288] file/dir modified: /Users/shamba/Desktop/Paper 1 - HAR RL/NODATA_MarginMultistepCL/wandb/run-20241009_200004-eaitvj8q/files/config.yaml
2024-10-09 20:01:12,659 DEBUG   HandlerThread:37665 [handler.py:handle_request():158] handle_request: partial_history
2024-10-09 20:01:12,659 DEBUG   HandlerThread:37665 [handler.py:handle_request():158] handle_request: partial_history
2024-10-09 20:01:12,659 DEBUG   HandlerThread:37665 [handler.py:handle_request():158] handle_request: partial_history
2024-10-09 20:01:12,660 DEBUG   HandlerThread:37665 [handler.py:handle_request():158] handle_request: partial_history
2024-10-09 20:01:12,660 DEBUG   HandlerThread:37665 [handler.py:handle_request():158] handle_request: partial_history
2024-10-09 20:01:12,660 DEBUG   HandlerThread:37665 [handler.py:handle_request():158] handle_request: partial_history
2024-10-09 20:01:12,660 DEBUG   HandlerThread:37665 [handler.py:handle_request():158] handle_request: partial_history
2024-10-09 20:01:12,661 DEBUG   HandlerThread:37665 [handler.py:handle_request():158] handle_request: partial_history
2024-10-09 20:01:12,661 DEBUG   HandlerThread:37665 [handler.py:handle_request():158] handle_request: partial_history
2024-10-09 20:01:12,661 DEBUG   HandlerThread:37665 [handler.py:handle_request():158] handle_request: partial_history
2024-10-09 20:01:12,661 DEBUG   HandlerThread:37665 [handler.py:handle_request():158] handle_request: partial_history
2024-10-09 20:01:12,661 DEBUG   HandlerThread:37665 [handler.py:handle_request():158] handle_request: partial_history
2024-10-09 20:01:12,661 DEBUG   HandlerThread:37665 [handler.py:handle_request():158] handle_request: partial_history
2024-10-09 20:01:12,661 DEBUG   HandlerThread:37665 [handler.py:handle_request():158] handle_request: partial_history
2024-10-09 20:01:12,661 DEBUG   HandlerThread:37665 [handler.py:handle_request():158] handle_request: partial_history
2024-10-09 20:01:12,662 DEBUG   HandlerThread:37665 [handler.py:handle_request():158] handle_request: partial_history
2024-10-09 20:01:12,662 DEBUG   HandlerThread:37665 [handler.py:handle_request():158] handle_request: partial_history
2024-10-09 20:01:12,662 DEBUG   HandlerThread:37665 [handler.py:handle_request():158] handle_request: partial_history
2024-10-09 20:01:12,662 DEBUG   HandlerThread:37665 [handler.py:handle_request():158] handle_request: partial_history
2024-10-09 20:01:12,663 DEBUG   HandlerThread:37665 [handler.py:handle_request():158] handle_request: partial_history
2024-10-09 20:01:12,663 DEBUG   HandlerThread:37665 [handler.py:handle_request():158] handle_request: partial_history
2024-10-09 20:01:12,663 DEBUG   HandlerThread:37665 [handler.py:handle_request():158] handle_request: partial_history
2024-10-09 20:01:12,663 DEBUG   HandlerThread:37665 [handler.py:handle_request():158] handle_request: partial_history
2024-10-09 20:01:12,663 DEBUG   HandlerThread:37665 [handler.py:handle_request():158] handle_request: partial_history
2024-10-09 20:01:12,664 DEBUG   HandlerThread:37665 [handler.py:handle_request():158] handle_request: partial_history
2024-10-09 20:01:12,664 DEBUG   HandlerThread:37665 [handler.py:handle_request():158] handle_request: partial_history
2024-10-09 20:01:12,664 DEBUG   HandlerThread:37665 [handler.py:handle_request():158] handle_request: partial_history
2024-10-09 20:01:12,664 DEBUG   HandlerThread:37665 [handler.py:handle_request():158] handle_request: partial_history
2024-10-09 20:01:12,665 DEBUG   HandlerThread:37665 [handler.py:handle_request():158] handle_request: partial_history
2024-10-09 20:01:12,665 DEBUG   HandlerThread:37665 [handler.py:handle_request():158] handle_request: partial_history
2024-10-09 20:01:12,666 DEBUG   HandlerThread:37665 [handler.py:handle_request():158] handle_request: partial_history
2024-10-09 20:01:12,666 DEBUG   HandlerThread:37665 [handler.py:handle_request():158] handle_request: partial_history
2024-10-09 20:01:12,666 DEBUG   HandlerThread:37665 [handler.py:handle_request():158] handle_request: partial_history
2024-10-09 20:01:12,667 DEBUG   HandlerThread:37665 [handler.py:handle_request():158] handle_request: partial_history
2024-10-09 20:01:12,667 DEBUG   HandlerThread:37665 [handler.py:handle_request():158] handle_request: partial_history
2024-10-09 20:01:12,667 DEBUG   HandlerThread:37665 [handler.py:handle_request():158] handle_request: partial_history
2024-10-09 20:01:12,667 DEBUG   HandlerThread:37665 [handler.py:handle_request():158] handle_request: partial_history
2024-10-09 20:01:12,667 DEBUG   HandlerThread:37665 [handler.py:handle_request():158] handle_request: partial_history
2024-10-09 20:01:12,667 DEBUG   HandlerThread:37665 [handler.py:handle_request():158] handle_request: partial_history
2024-10-09 20:01:12,668 DEBUG   HandlerThread:37665 [handler.py:handle_request():158] handle_request: partial_history
2024-10-09 20:01:12,668 DEBUG   HandlerThread:37665 [handler.py:handle_request():158] handle_request: partial_history
2024-10-09 20:01:12,668 DEBUG   HandlerThread:37665 [handler.py:handle_request():158] handle_request: partial_history
2024-10-09 20:01:12,669 DEBUG   HandlerThread:37665 [handler.py:handle_request():158] handle_request: partial_history
2024-10-09 20:01:12,669 DEBUG   HandlerThread:37665 [handler.py:handle_request():158] handle_request: partial_history
2024-10-09 20:01:14,932 DEBUG   HandlerThread:37665 [handler.py:handle_request():158] handle_request: status_report
2024-10-09 20:01:16,802 ERROR   FileStreamThread:37665 [file_stream.py:_handle_response():510] dropped chunk 404 Client Error: Not Found for url: https://api.wandb.ai/files/kazeem/1sleepeeg42/eaitvj8q/file_stream
NoneType: None
2024-10-09 20:01:17,505 INFO    Thread-13 :37665 [dir_watcher.py:_on_file_modified():288] file/dir modified: /Users/shamba/Desktop/Paper 1 - HAR RL/NODATA_MarginMultistepCL/wandb/run-20241009_200004-eaitvj8q/files/output.log
2024-10-09 20:01:19,911 DEBUG   HandlerThread:37665 [handler.py:handle_request():158] handle_request: internal_messages
2024-10-09 20:01:19,937 DEBUG   HandlerThread:37665 [handler.py:handle_request():158] handle_request: status_report
2024-10-09 20:01:20,534 DEBUG   HandlerThread:37665 [handler.py:handle_request():158] handle_request: partial_history
2024-10-09 20:01:20,534 DEBUG   HandlerThread:37665 [handler.py:handle_request():158] handle_request: partial_history
2024-10-09 20:01:20,534 DEBUG   HandlerThread:37665 [handler.py:handle_request():158] handle_request: partial_history
2024-10-09 20:01:20,535 DEBUG   HandlerThread:37665 [handler.py:handle_request():158] handle_request: partial_history
2024-10-09 20:01:20,535 DEBUG   HandlerThread:37665 [handler.py:handle_request():158] handle_request: partial_history
2024-10-09 20:01:20,535 DEBUG   HandlerThread:37665 [handler.py:handle_request():158] handle_request: partial_history
2024-10-09 20:01:20,535 DEBUG   HandlerThread:37665 [handler.py:handle_request():158] handle_request: partial_history
2024-10-09 20:01:20,536 DEBUG   HandlerThread:37665 [handler.py:handle_request():158] handle_request: partial_history
2024-10-09 20:01:20,536 DEBUG   HandlerThread:37665 [handler.py:handle_request():158] handle_request: partial_history
2024-10-09 20:01:20,536 DEBUG   HandlerThread:37665 [handler.py:handle_request():158] handle_request: partial_history
2024-10-09 20:01:20,536 DEBUG   HandlerThread:37665 [handler.py:handle_request():158] handle_request: partial_history
2024-10-09 20:01:20,536 DEBUG   HandlerThread:37665 [handler.py:handle_request():158] handle_request: partial_history
2024-10-09 20:01:20,536 DEBUG   HandlerThread:37665 [handler.py:handle_request():158] handle_request: partial_history
2024-10-09 20:01:20,536 DEBUG   HandlerThread:37665 [handler.py:handle_request():158] handle_request: partial_history
2024-10-09 20:01:20,537 DEBUG   HandlerThread:37665 [handler.py:handle_request():158] handle_request: partial_history
2024-10-09 20:01:20,537 DEBUG   HandlerThread:37665 [handler.py:handle_request():158] handle_request: partial_history
2024-10-09 20:01:20,537 DEBUG   HandlerThread:37665 [handler.py:handle_request():158] handle_request: partial_history
2024-10-09 20:01:20,537 DEBUG   HandlerThread:37665 [handler.py:handle_request():158] handle_request: partial_history
2024-10-09 20:01:20,538 DEBUG   HandlerThread:37665 [handler.py:handle_request():158] handle_request: partial_history
2024-10-09 20:01:20,538 DEBUG   HandlerThread:37665 [handler.py:handle_request():158] handle_request: partial_history
2024-10-09 20:01:20,538 DEBUG   HandlerThread:37665 [handler.py:handle_request():158] handle_request: partial_history
2024-10-09 20:01:20,538 DEBUG   HandlerThread:37665 [handler.py:handle_request():158] handle_request: partial_history
2024-10-09 20:01:20,539 DEBUG   HandlerThread:37665 [handler.py:handle_request():158] handle_request: partial_history
2024-10-09 20:01:20,539 DEBUG   HandlerThread:37665 [handler.py:handle_request():158] handle_request: partial_history
2024-10-09 20:01:20,539 DEBUG   HandlerThread:37665 [handler.py:handle_request():158] handle_request: partial_history
2024-10-09 20:01:20,539 DEBUG   HandlerThread:37665 [handler.py:handle_request():158] handle_request: partial_history
2024-10-09 20:01:20,540 DEBUG   HandlerThread:37665 [handler.py:handle_request():158] handle_request: partial_history
2024-10-09 20:01:20,540 DEBUG   HandlerThread:37665 [handler.py:handle_request():158] handle_request: partial_history
2024-10-09 20:01:20,540 DEBUG   HandlerThread:37665 [handler.py:handle_request():158] handle_request: partial_history
2024-10-09 20:01:20,541 DEBUG   HandlerThread:37665 [handler.py:handle_request():158] handle_request: partial_history
2024-10-09 20:01:20,541 DEBUG   HandlerThread:37665 [handler.py:handle_request():158] handle_request: partial_history
2024-10-09 20:01:20,542 DEBUG   HandlerThread:37665 [handler.py:handle_request():158] handle_request: partial_history
2024-10-09 20:01:20,542 DEBUG   HandlerThread:37665 [handler.py:handle_request():158] handle_request: partial_history
2024-10-09 20:01:20,542 DEBUG   HandlerThread:37665 [handler.py:handle_request():158] handle_request: partial_history
2024-10-09 20:01:20,542 DEBUG   HandlerThread:37665 [handler.py:handle_request():158] handle_request: partial_history
2024-10-09 20:01:20,542 DEBUG   HandlerThread:37665 [handler.py:handle_request():158] handle_request: partial_history
2024-10-09 20:01:20,542 DEBUG   HandlerThread:37665 [handler.py:handle_request():158] handle_request: partial_history
2024-10-09 20:01:20,543 DEBUG   HandlerThread:37665 [handler.py:handle_request():158] handle_request: partial_history
2024-10-09 20:01:20,543 DEBUG   HandlerThread:37665 [handler.py:handle_request():158] handle_request: partial_history
2024-10-09 20:01:20,543 DEBUG   HandlerThread:37665 [handler.py:handle_request():158] handle_request: partial_history
2024-10-09 20:01:20,544 DEBUG   HandlerThread:37665 [handler.py:handle_request():158] handle_request: partial_history
2024-10-09 20:01:20,544 DEBUG   HandlerThread:37665 [handler.py:handle_request():158] handle_request: partial_history
2024-10-09 20:01:20,544 DEBUG   HandlerThread:37665 [handler.py:handle_request():158] handle_request: partial_history
2024-10-09 20:01:20,544 DEBUG   HandlerThread:37665 [handler.py:handle_request():158] handle_request: partial_history
2024-10-09 20:01:24,904 DEBUG   HandlerThread:37665 [handler.py:handle_request():158] handle_request: stop_status
2024-10-09 20:01:24,904 DEBUG   SenderThread:37665 [sender.py:send_request():418] send_request: stop_status
2024-10-09 20:01:25,062 DEBUG   HandlerThread:37665 [handler.py:handle_request():158] handle_request: status_report
2024-10-09 20:01:26,799 ERROR   FileStreamThread:37665 [file_stream.py:_handle_response():510] dropped chunk 404 Client Error: Not Found for url: https://api.wandb.ai/files/kazeem/1sleepeeg42/eaitvj8q/file_stream
NoneType: None
2024-10-09 20:01:27,552 INFO    Thread-13 :37665 [dir_watcher.py:_on_file_modified():288] file/dir modified: /Users/shamba/Desktop/Paper 1 - HAR RL/NODATA_MarginMultistepCL/wandb/run-20241009_200004-eaitvj8q/files/output.log
2024-10-09 20:01:28,126 DEBUG   HandlerThread:37665 [handler.py:handle_request():158] handle_request: partial_history
2024-10-09 20:01:28,127 DEBUG   HandlerThread:37665 [handler.py:handle_request():158] handle_request: partial_history
2024-10-09 20:01:28,127 DEBUG   HandlerThread:37665 [handler.py:handle_request():158] handle_request: partial_history
2024-10-09 20:01:28,127 DEBUG   HandlerThread:37665 [handler.py:handle_request():158] handle_request: partial_history
2024-10-09 20:01:28,127 DEBUG   HandlerThread:37665 [handler.py:handle_request():158] handle_request: partial_history
2024-10-09 20:01:28,127 DEBUG   HandlerThread:37665 [handler.py:handle_request():158] handle_request: partial_history
2024-10-09 20:01:28,127 DEBUG   HandlerThread:37665 [handler.py:handle_request():158] handle_request: partial_history
2024-10-09 20:01:28,128 DEBUG   HandlerThread:37665 [handler.py:handle_request():158] handle_request: partial_history
2024-10-09 20:01:28,128 DEBUG   HandlerThread:37665 [handler.py:handle_request():158] handle_request: partial_history
2024-10-09 20:01:28,128 DEBUG   HandlerThread:37665 [handler.py:handle_request():158] handle_request: partial_history
2024-10-09 20:01:28,128 DEBUG   HandlerThread:37665 [handler.py:handle_request():158] handle_request: partial_history
2024-10-09 20:01:28,128 DEBUG   HandlerThread:37665 [handler.py:handle_request():158] handle_request: partial_history
2024-10-09 20:01:28,128 DEBUG   HandlerThread:37665 [handler.py:handle_request():158] handle_request: partial_history
2024-10-09 20:01:28,128 DEBUG   HandlerThread:37665 [handler.py:handle_request():158] handle_request: partial_history
2024-10-09 20:01:28,129 DEBUG   HandlerThread:37665 [handler.py:handle_request():158] handle_request: partial_history
2024-10-09 20:01:28,129 DEBUG   HandlerThread:37665 [handler.py:handle_request():158] handle_request: partial_history
2024-10-09 20:01:28,129 DEBUG   HandlerThread:37665 [handler.py:handle_request():158] handle_request: partial_history
2024-10-09 20:01:28,129 DEBUG   HandlerThread:37665 [handler.py:handle_request():158] handle_request: partial_history
2024-10-09 20:01:28,130 DEBUG   HandlerThread:37665 [handler.py:handle_request():158] handle_request: partial_history
2024-10-09 20:01:28,130 DEBUG   HandlerThread:37665 [handler.py:handle_request():158] handle_request: partial_history
2024-10-09 20:01:28,130 DEBUG   HandlerThread:37665 [handler.py:handle_request():158] handle_request: partial_history
2024-10-09 20:01:28,130 DEBUG   HandlerThread:37665 [handler.py:handle_request():158] handle_request: partial_history
2024-10-09 20:01:28,131 DEBUG   HandlerThread:37665 [handler.py:handle_request():158] handle_request: partial_history
2024-10-09 20:01:28,131 DEBUG   HandlerThread:37665 [handler.py:handle_request():158] handle_request: partial_history
2024-10-09 20:01:28,131 DEBUG   HandlerThread:37665 [handler.py:handle_request():158] handle_request: partial_history
2024-10-09 20:01:28,131 DEBUG   HandlerThread:37665 [handler.py:handle_request():158] handle_request: partial_history
2024-10-09 20:01:28,132 DEBUG   HandlerThread:37665 [handler.py:handle_request():158] handle_request: partial_history
2024-10-09 20:01:28,132 DEBUG   HandlerThread:37665 [handler.py:handle_request():158] handle_request: partial_history
2024-10-09 20:01:28,133 DEBUG   HandlerThread:37665 [handler.py:handle_request():158] handle_request: partial_history
2024-10-09 20:01:28,133 DEBUG   HandlerThread:37665 [handler.py:handle_request():158] handle_request: partial_history
2024-10-09 20:01:28,133 DEBUG   HandlerThread:37665 [handler.py:handle_request():158] handle_request: partial_history
2024-10-09 20:01:28,134 DEBUG   HandlerThread:37665 [handler.py:handle_request():158] handle_request: partial_history
2024-10-09 20:01:28,134 DEBUG   HandlerThread:37665 [handler.py:handle_request():158] handle_request: partial_history
2024-10-09 20:01:28,134 DEBUG   HandlerThread:37665 [handler.py:handle_request():158] handle_request: partial_history
2024-10-09 20:01:28,134 DEBUG   HandlerThread:37665 [handler.py:handle_request():158] handle_request: partial_history
2024-10-09 20:01:28,134 DEBUG   HandlerThread:37665 [handler.py:handle_request():158] handle_request: partial_history
2024-10-09 20:01:28,134 DEBUG   HandlerThread:37665 [handler.py:handle_request():158] handle_request: partial_history
2024-10-09 20:01:28,135 DEBUG   HandlerThread:37665 [handler.py:handle_request():158] handle_request: partial_history
2024-10-09 20:01:28,135 DEBUG   HandlerThread:37665 [handler.py:handle_request():158] handle_request: partial_history
2024-10-09 20:01:28,135 DEBUG   HandlerThread:37665 [handler.py:handle_request():158] handle_request: partial_history
2024-10-09 20:01:28,136 DEBUG   HandlerThread:37665 [handler.py:handle_request():158] handle_request: partial_history
2024-10-09 20:01:28,136 DEBUG   HandlerThread:37665 [handler.py:handle_request():158] handle_request: partial_history
2024-10-09 20:01:28,136 DEBUG   HandlerThread:37665 [handler.py:handle_request():158] handle_request: partial_history
2024-10-09 20:01:28,136 DEBUG   HandlerThread:37665 [handler.py:handle_request():158] handle_request: partial_history
2024-10-09 20:01:29,916 DEBUG   HandlerThread:37665 [handler.py:handle_request():158] handle_request: internal_messages
2024-10-09 20:01:30,947 DEBUG   HandlerThread:37665 [handler.py:handle_request():158] handle_request: status_report
2024-10-09 20:01:32,322 DEBUG   HandlerThread:37665 [handler.py:handle_request():158] handle_request: partial_history
2024-10-09 20:01:32,323 DEBUG   HandlerThread:37665 [handler.py:handle_request():158] handle_request: partial_history
2024-10-09 20:01:32,323 DEBUG   HandlerThread:37665 [handler.py:handle_request():158] handle_request: partial_history
2024-10-09 20:01:32,323 DEBUG   HandlerThread:37665 [handler.py:handle_request():158] handle_request: partial_history
2024-10-09 20:01:32,323 DEBUG   HandlerThread:37665 [handler.py:handle_request():158] handle_request: partial_history
2024-10-09 20:01:32,323 DEBUG   HandlerThread:37665 [handler.py:handle_request():158] handle_request: partial_history
2024-10-09 20:01:32,324 DEBUG   HandlerThread:37665 [handler.py:handle_request():158] handle_request: partial_history
2024-10-09 20:01:32,324 DEBUG   HandlerThread:37665 [handler.py:handle_request():158] handle_request: partial_history
2024-10-09 20:01:32,324 DEBUG   HandlerThread:37665 [handler.py:handle_request():158] handle_request: partial_history
2024-10-09 20:01:32,324 DEBUG   HandlerThread:37665 [handler.py:handle_request():158] handle_request: partial_history
2024-10-09 20:01:32,324 DEBUG   HandlerThread:37665 [handler.py:handle_request():158] handle_request: partial_history
2024-10-09 20:01:32,324 DEBUG   HandlerThread:37665 [handler.py:handle_request():158] handle_request: partial_history
2024-10-09 20:01:32,324 DEBUG   HandlerThread:37665 [handler.py:handle_request():158] handle_request: partial_history
2024-10-09 20:01:32,325 DEBUG   HandlerThread:37665 [handler.py:handle_request():158] handle_request: partial_history
2024-10-09 20:01:32,325 DEBUG   HandlerThread:37665 [handler.py:handle_request():158] handle_request: partial_history
2024-10-09 20:01:32,325 DEBUG   HandlerThread:37665 [handler.py:handle_request():158] handle_request: partial_history
2024-10-09 20:01:32,325 DEBUG   HandlerThread:37665 [handler.py:handle_request():158] handle_request: partial_history
2024-10-09 20:01:32,325 DEBUG   HandlerThread:37665 [handler.py:handle_request():158] handle_request: partial_history
2024-10-09 20:01:32,326 DEBUG   HandlerThread:37665 [handler.py:handle_request():158] handle_request: partial_history
2024-10-09 20:01:32,326 DEBUG   HandlerThread:37665 [handler.py:handle_request():158] handle_request: partial_history
2024-10-09 20:01:32,326 DEBUG   HandlerThread:37665 [handler.py:handle_request():158] handle_request: partial_history
2024-10-09 20:01:32,326 DEBUG   HandlerThread:37665 [handler.py:handle_request():158] handle_request: partial_history
2024-10-09 20:01:32,327 DEBUG   HandlerThread:37665 [handler.py:handle_request():158] handle_request: partial_history
2024-10-09 20:01:32,327 DEBUG   HandlerThread:37665 [handler.py:handle_request():158] handle_request: partial_history
2024-10-09 20:01:32,327 DEBUG   HandlerThread:37665 [handler.py:handle_request():158] handle_request: partial_history
2024-10-09 20:01:32,328 DEBUG   HandlerThread:37665 [handler.py:handle_request():158] handle_request: partial_history
2024-10-09 20:01:32,328 DEBUG   HandlerThread:37665 [handler.py:handle_request():158] handle_request: partial_history
2024-10-09 20:01:32,328 DEBUG   HandlerThread:37665 [handler.py:handle_request():158] handle_request: partial_history
2024-10-09 20:01:32,329 DEBUG   HandlerThread:37665 [handler.py:handle_request():158] handle_request: partial_history
2024-10-09 20:01:32,329 DEBUG   HandlerThread:37665 [handler.py:handle_request():158] handle_request: partial_history
2024-10-09 20:01:32,330 DEBUG   HandlerThread:37665 [handler.py:handle_request():158] handle_request: partial_history
2024-10-09 20:01:32,330 DEBUG   HandlerThread:37665 [handler.py:handle_request():158] handle_request: partial_history
2024-10-09 20:01:32,331 DEBUG   HandlerThread:37665 [handler.py:handle_request():158] handle_request: partial_history
2024-10-09 20:01:32,331 DEBUG   HandlerThread:37665 [handler.py:handle_request():158] handle_request: partial_history
2024-10-09 20:01:32,331 DEBUG   HandlerThread:37665 [handler.py:handle_request():158] handle_request: partial_history
2024-10-09 20:01:32,331 DEBUG   HandlerThread:37665 [handler.py:handle_request():158] handle_request: partial_history
2024-10-09 20:01:32,331 DEBUG   HandlerThread:37665 [handler.py:handle_request():158] handle_request: partial_history
2024-10-09 20:01:32,331 DEBUG   HandlerThread:37665 [handler.py:handle_request():158] handle_request: partial_history
2024-10-09 20:01:32,332 DEBUG   HandlerThread:37665 [handler.py:handle_request():158] handle_request: partial_history
2024-10-09 20:01:32,332 DEBUG   HandlerThread:37665 [handler.py:handle_request():158] handle_request: partial_history
2024-10-09 20:01:32,332 DEBUG   HandlerThread:37665 [handler.py:handle_request():158] handle_request: partial_history
2024-10-09 20:01:32,332 DEBUG   HandlerThread:37665 [handler.py:handle_request():158] handle_request: partial_history
2024-10-09 20:01:32,333 DEBUG   HandlerThread:37665 [handler.py:handle_request():158] handle_request: partial_history
2024-10-09 20:01:32,333 DEBUG   HandlerThread:37665 [handler.py:handle_request():158] handle_request: partial_history
2024-10-09 20:01:35,589 INFO    Thread-13 :37665 [dir_watcher.py:_on_file_modified():288] file/dir modified: /Users/shamba/Desktop/Paper 1 - HAR RL/NODATA_MarginMultistepCL/wandb/run-20241009_200004-eaitvj8q/files/output.log
2024-10-09 20:01:35,952 DEBUG   HandlerThread:37665 [handler.py:handle_request():158] handle_request: status_report
2024-10-09 20:01:36,207 DEBUG   SenderThread:37665 [sender.py:send():391] send: stats
2024-10-09 20:01:39,909 DEBUG   HandlerThread:37665 [handler.py:handle_request():158] handle_request: stop_status
2024-10-09 20:01:39,909 DEBUG   SenderThread:37665 [sender.py:send_request():418] send_request: stop_status
2024-10-09 20:01:39,920 DEBUG   HandlerThread:37665 [handler.py:handle_request():158] handle_request: internal_messages
2024-10-09 20:01:40,103 DEBUG   HandlerThread:37665 [handler.py:handle_request():158] handle_request: partial_history
2024-10-09 20:01:40,103 DEBUG   HandlerThread:37665 [handler.py:handle_request():158] handle_request: partial_history
2024-10-09 20:01:40,103 DEBUG   HandlerThread:37665 [handler.py:handle_request():158] handle_request: partial_history
2024-10-09 20:01:40,103 DEBUG   HandlerThread:37665 [handler.py:handle_request():158] handle_request: partial_history
2024-10-09 20:01:40,103 DEBUG   HandlerThread:37665 [handler.py:handle_request():158] handle_request: partial_history
2024-10-09 20:01:40,104 DEBUG   HandlerThread:37665 [handler.py:handle_request():158] handle_request: partial_history
2024-10-09 20:01:40,104 DEBUG   HandlerThread:37665 [handler.py:handle_request():158] handle_request: partial_history
2024-10-09 20:01:40,104 DEBUG   HandlerThread:37665 [handler.py:handle_request():158] handle_request: partial_history
2024-10-09 20:01:40,104 DEBUG   HandlerThread:37665 [handler.py:handle_request():158] handle_request: partial_history
2024-10-09 20:01:40,104 DEBUG   HandlerThread:37665 [handler.py:handle_request():158] handle_request: partial_history
2024-10-09 20:01:40,105 DEBUG   HandlerThread:37665 [handler.py:handle_request():158] handle_request: partial_history
2024-10-09 20:01:40,105 DEBUG   HandlerThread:37665 [handler.py:handle_request():158] handle_request: partial_history
2024-10-09 20:01:40,105 DEBUG   HandlerThread:37665 [handler.py:handle_request():158] handle_request: partial_history
2024-10-09 20:01:40,105 DEBUG   HandlerThread:37665 [handler.py:handle_request():158] handle_request: partial_history
2024-10-09 20:01:40,105 DEBUG   HandlerThread:37665 [handler.py:handle_request():158] handle_request: partial_history
2024-10-09 20:01:40,105 DEBUG   HandlerThread:37665 [handler.py:handle_request():158] handle_request: partial_history
2024-10-09 20:01:40,106 DEBUG   HandlerThread:37665 [handler.py:handle_request():158] handle_request: partial_history
2024-10-09 20:01:40,106 DEBUG   HandlerThread:37665 [handler.py:handle_request():158] handle_request: partial_history
2024-10-09 20:01:40,106 DEBUG   HandlerThread:37665 [handler.py:handle_request():158] handle_request: partial_history
2024-10-09 20:01:40,106 DEBUG   HandlerThread:37665 [handler.py:handle_request():158] handle_request: partial_history
2024-10-09 20:01:40,106 DEBUG   HandlerThread:37665 [handler.py:handle_request():158] handle_request: partial_history
2024-10-09 20:01:40,106 DEBUG   HandlerThread:37665 [handler.py:handle_request():158] handle_request: partial_history
2024-10-09 20:01:40,107 DEBUG   HandlerThread:37665 [handler.py:handle_request():158] handle_request: partial_history
2024-10-09 20:01:40,107 DEBUG   HandlerThread:37665 [handler.py:handle_request():158] handle_request: partial_history
2024-10-09 20:01:40,107 DEBUG   HandlerThread:37665 [handler.py:handle_request():158] handle_request: partial_history
2024-10-09 20:01:40,108 DEBUG   HandlerThread:37665 [handler.py:handle_request():158] handle_request: partial_history
2024-10-09 20:01:40,108 DEBUG   HandlerThread:37665 [handler.py:handle_request():158] handle_request: partial_history
2024-10-09 20:01:40,108 DEBUG   HandlerThread:37665 [handler.py:handle_request():158] handle_request: partial_history
2024-10-09 20:01:40,109 DEBUG   HandlerThread:37665 [handler.py:handle_request():158] handle_request: partial_history
2024-10-09 20:01:40,109 DEBUG   HandlerThread:37665 [handler.py:handle_request():158] handle_request: partial_history
2024-10-09 20:01:40,110 DEBUG   HandlerThread:37665 [handler.py:handle_request():158] handle_request: partial_history
2024-10-09 20:01:40,110 DEBUG   HandlerThread:37665 [handler.py:handle_request():158] handle_request: partial_history
2024-10-09 20:01:40,110 DEBUG   HandlerThread:37665 [handler.py:handle_request():158] handle_request: partial_history
2024-10-09 20:01:40,111 DEBUG   HandlerThread:37665 [handler.py:handle_request():158] handle_request: partial_history
2024-10-09 20:01:40,111 DEBUG   HandlerThread:37665 [handler.py:handle_request():158] handle_request: partial_history
2024-10-09 20:01:40,111 DEBUG   HandlerThread:37665 [handler.py:handle_request():158] handle_request: partial_history
2024-10-09 20:01:40,112 DEBUG   HandlerThread:37665 [handler.py:handle_request():158] handle_request: partial_history
2024-10-09 20:01:40,112 DEBUG   HandlerThread:37665 [handler.py:handle_request():158] handle_request: partial_history
2024-10-09 20:01:40,112 DEBUG   HandlerThread:37665 [handler.py:handle_request():158] handle_request: partial_history
2024-10-09 20:01:40,112 DEBUG   HandlerThread:37665 [handler.py:handle_request():158] handle_request: partial_history
2024-10-09 20:01:40,113 DEBUG   HandlerThread:37665 [handler.py:handle_request():158] handle_request: partial_history
2024-10-09 20:01:40,113 DEBUG   HandlerThread:37665 [handler.py:handle_request():158] handle_request: partial_history
2024-10-09 20:01:40,113 DEBUG   HandlerThread:37665 [handler.py:handle_request():158] handle_request: partial_history
2024-10-09 20:01:40,113 DEBUG   HandlerThread:37665 [handler.py:handle_request():158] handle_request: partial_history
2024-10-09 20:01:41,180 DEBUG   HandlerThread:37665 [handler.py:handle_request():158] handle_request: status_report
2024-10-09 20:01:46,395 ERROR   FileStreamThread:37665 [file_stream.py:_handle_response():510] dropped chunk 404 Client Error: Not Found for url: https://api.wandb.ai/files/kazeem/1sleepeeg42/eaitvj8q/file_stream
NoneType: None
2024-10-09 20:01:46,962 DEBUG   HandlerThread:37665 [handler.py:handle_request():158] handle_request: status_report
2024-10-09 20:01:47,537 DEBUG   HandlerThread:37665 [handler.py:handle_request():158] handle_request: partial_history
2024-10-09 20:01:47,542 DEBUG   SenderThread:37665 [sender.py:send():391] send: history
2024-10-09 20:01:47,544 DEBUG   SenderThread:37665 [sender.py:send_request():418] send_request: summary_record
2024-10-09 20:01:47,545 INFO    SenderThread:37665 [sender.py:_save_file():1466] saving file wandb-summary.json with policy end
2024-10-09 20:01:47,641 INFO    Thread-13 :37665 [dir_watcher.py:_on_file_modified():288] file/dir modified: /Users/shamba/Desktop/Paper 1 - HAR RL/NODATA_MarginMultistepCL/wandb/run-20241009_200004-eaitvj8q/files/wandb-summary.json
2024-10-09 20:01:47,872 DEBUG   SenderThread:37665 [sender.py:send():391] send: exit
2024-10-09 20:01:47,872 INFO    SenderThread:37665 [sender.py:send_exit():598] handling exit code: 255
2024-10-09 20:01:47,872 INFO    SenderThread:37665 [sender.py:send_exit():600] handling runtime: 101
2024-10-09 20:01:47,875 INFO    SenderThread:37665 [sender.py:_save_file():1466] saving file wandb-summary.json with policy end
2024-10-09 20:01:47,876 INFO    SenderThread:37665 [sender.py:send_exit():606] send defer
2024-10-09 20:01:47,876 DEBUG   HandlerThread:37665 [handler.py:handle_request():158] handle_request: defer
2024-10-09 20:01:47,876 INFO    HandlerThread:37665 [handler.py:handle_request_defer():184] handle defer: 0
2024-10-09 20:01:47,876 DEBUG   SenderThread:37665 [sender.py:send_request():418] send_request: defer
2024-10-09 20:01:47,876 INFO    SenderThread:37665 [sender.py:send_request_defer():622] handle sender defer: 0
2024-10-09 20:01:47,876 INFO    SenderThread:37665 [sender.py:transition_state():626] send defer: 1
2024-10-09 20:01:47,876 DEBUG   HandlerThread:37665 [handler.py:handle_request():158] handle_request: defer
2024-10-09 20:01:47,876 INFO    HandlerThread:37665 [handler.py:handle_request_defer():184] handle defer: 1
2024-10-09 20:01:47,877 DEBUG   SenderThread:37665 [sender.py:send_request():418] send_request: defer
2024-10-09 20:01:47,877 INFO    SenderThread:37665 [sender.py:send_request_defer():622] handle sender defer: 1
2024-10-09 20:01:47,877 INFO    SenderThread:37665 [sender.py:transition_state():626] send defer: 2
2024-10-09 20:01:47,877 DEBUG   HandlerThread:37665 [handler.py:handle_request():158] handle_request: defer
2024-10-09 20:01:47,877 INFO    HandlerThread:37665 [handler.py:handle_request_defer():184] handle defer: 2
2024-10-09 20:01:47,877 INFO    HandlerThread:37665 [system_monitor.py:finish():203] Stopping system monitor
2024-10-09 20:01:47,877 DEBUG   SystemMonitor:37665 [system_monitor.py:_start():179] Finished system metrics aggregation loop
2024-10-09 20:01:47,877 INFO    HandlerThread:37665 [interfaces.py:finish():200] Joined cpu monitor
2024-10-09 20:01:47,877 DEBUG   SystemMonitor:37665 [system_monitor.py:_start():183] Publishing last batch of metrics
2024-10-09 20:01:47,878 INFO    HandlerThread:37665 [interfaces.py:finish():200] Joined disk monitor
2024-10-09 20:01:47,878 INFO    HandlerThread:37665 [interfaces.py:finish():200] Joined gpuapple monitor
2024-10-09 20:01:47,879 INFO    HandlerThread:37665 [interfaces.py:finish():200] Joined memory monitor
2024-10-09 20:01:47,879 INFO    HandlerThread:37665 [interfaces.py:finish():200] Joined network monitor
2024-10-09 20:01:47,879 DEBUG   SenderThread:37665 [sender.py:send_request():418] send_request: defer
2024-10-09 20:01:47,879 INFO    SenderThread:37665 [sender.py:send_request_defer():622] handle sender defer: 2
2024-10-09 20:01:47,879 INFO    SenderThread:37665 [sender.py:transition_state():626] send defer: 3
2024-10-09 20:01:47,879 DEBUG   SenderThread:37665 [sender.py:send():391] send: stats
2024-10-09 20:01:47,879 DEBUG   HandlerThread:37665 [handler.py:handle_request():158] handle_request: defer
2024-10-09 20:01:47,880 INFO    HandlerThread:37665 [handler.py:handle_request_defer():184] handle defer: 3
2024-10-09 20:01:47,880 DEBUG   SenderThread:37665 [sender.py:send_request():418] send_request: defer
2024-10-09 20:01:47,880 INFO    SenderThread:37665 [sender.py:send_request_defer():622] handle sender defer: 3
2024-10-09 20:01:47,880 INFO    SenderThread:37665 [sender.py:transition_state():626] send defer: 4
2024-10-09 20:01:47,880 DEBUG   HandlerThread:37665 [handler.py:handle_request():158] handle_request: defer
2024-10-09 20:01:47,880 INFO    HandlerThread:37665 [handler.py:handle_request_defer():184] handle defer: 4
2024-10-09 20:01:47,880 DEBUG   SenderThread:37665 [sender.py:send_request():418] send_request: defer
2024-10-09 20:01:47,880 INFO    SenderThread:37665 [sender.py:send_request_defer():622] handle sender defer: 4
2024-10-09 20:01:47,880 INFO    SenderThread:37665 [sender.py:transition_state():626] send defer: 5
2024-10-09 20:01:47,880 DEBUG   HandlerThread:37665 [handler.py:handle_request():158] handle_request: defer
2024-10-09 20:01:47,880 INFO    HandlerThread:37665 [handler.py:handle_request_defer():184] handle defer: 5
2024-10-09 20:01:47,884 DEBUG   SenderThread:37665 [sender.py:send():391] send: summary
2024-10-09 20:01:47,888 INFO    SenderThread:37665 [sender.py:_save_file():1466] saving file wandb-summary.json with policy end
2024-10-09 20:01:47,888 DEBUG   SenderThread:37665 [sender.py:send_request():418] send_request: defer
2024-10-09 20:01:47,888 INFO    SenderThread:37665 [sender.py:send_request_defer():622] handle sender defer: 5
2024-10-09 20:01:47,888 INFO    SenderThread:37665 [sender.py:transition_state():626] send defer: 6
2024-10-09 20:01:47,889 DEBUG   HandlerThread:37665 [handler.py:handle_request():158] handle_request: defer
2024-10-09 20:01:47,889 INFO    HandlerThread:37665 [handler.py:handle_request_defer():184] handle defer: 6
2024-10-09 20:01:47,889 DEBUG   SenderThread:37665 [sender.py:send_request():418] send_request: defer
2024-10-09 20:01:47,889 INFO    SenderThread:37665 [sender.py:send_request_defer():622] handle sender defer: 6
2024-10-09 20:01:47,889 INFO    SenderThread:37665 [sender.py:transition_state():626] send defer: 7
2024-10-09 20:01:47,889 DEBUG   HandlerThread:37665 [handler.py:handle_request():158] handle_request: status_report
2024-10-09 20:01:47,889 DEBUG   HandlerThread:37665 [handler.py:handle_request():158] handle_request: defer
2024-10-09 20:01:47,890 INFO    HandlerThread:37665 [handler.py:handle_request_defer():184] handle defer: 7
2024-10-09 20:01:47,890 DEBUG   SenderThread:37665 [sender.py:send_request():418] send_request: defer
2024-10-09 20:01:47,890 INFO    SenderThread:37665 [sender.py:send_request_defer():622] handle sender defer: 7
2024-10-09 20:01:48,647 INFO    Thread-13 :37665 [dir_watcher.py:_on_file_modified():288] file/dir modified: /Users/shamba/Desktop/Paper 1 - HAR RL/NODATA_MarginMultistepCL/wandb/run-20241009_200004-eaitvj8q/files/wandb-summary.json
2024-10-09 20:01:48,709 INFO    SenderThread:37665 [sender.py:transition_state():626] send defer: 8
2024-10-09 20:01:48,709 DEBUG   HandlerThread:37665 [handler.py:handle_request():158] handle_request: defer
2024-10-09 20:01:48,709 INFO    HandlerThread:37665 [handler.py:handle_request_defer():184] handle defer: 8
2024-10-09 20:01:48,709 DEBUG   SenderThread:37665 [sender.py:send_request():418] send_request: defer
2024-10-09 20:01:48,709 INFO    SenderThread:37665 [sender.py:send_request_defer():622] handle sender defer: 8
2024-10-09 20:01:48,709 INFO    SenderThread:37665 [job_builder.py:build():443] Attempting to build job artifact
2024-10-09 20:01:48,713 INFO    SenderThread:37665 [job_builder.py:_get_source_type():572] is repo sourced job
2024-10-09 20:01:48,732 INFO    SenderThread:37665 [job_builder.py:build():548] adding wandb-job metadata file
2024-10-09 20:01:48,735 INFO    SenderThread:37665 [sender.py:transition_state():626] send defer: 9
2024-10-09 20:01:48,735 DEBUG   HandlerThread:37665 [handler.py:handle_request():158] handle_request: defer
2024-10-09 20:01:48,735 DEBUG   SenderThread:37665 [sender.py:send():391] send: artifact
2024-10-09 20:01:48,735 INFO    HandlerThread:37665 [handler.py:handle_request_defer():184] handle defer: 9
2024-10-09 20:01:48,877 DEBUG   HandlerThread:37665 [handler.py:handle_request():158] handle_request: poll_exit
2024-10-09 20:01:49,447 ERROR   SenderThread:37665 [internal_api.py:execute():349] 404 response executing GraphQL.
2024-10-09 20:01:49,447 ERROR   SenderThread:37665 [internal_api.py:execute():350] {"errors":[{"message":"failed to find run 1sleepeeg42/eaitvj8q","path":["createArtifactManifest"]}],"data":{"createArtifactManifest":null}}
2024-10-09 20:01:49,448 ERROR   SenderThread:37665 [sender.py:send_artifact():1551] send_artifact: failed for artifact "job/job-https___github.com_ShambAI_Multi-Step-Contrastive-Learning.git_baselines_cost.py": It appears that you do not have permission to access the requested resource. Please reach out to the project owner to grant you access. If you have the correct permissions, verify that there are no issues with your networking setup.(Error 404: Not Found)
2024-10-09 20:01:49,448 DEBUG   SenderThread:37665 [sender.py:send_request():418] send_request: defer
2024-10-09 20:01:49,448 INFO    SenderThread:37665 [sender.py:send_request_defer():622] handle sender defer: 9
2024-10-09 20:01:49,448 INFO    SenderThread:37665 [dir_watcher.py:finish():358] shutting down directory watcher
2024-10-09 20:01:49,652 INFO    SenderThread:37665 [dir_watcher.py:_on_file_modified():288] file/dir modified: /Users/shamba/Desktop/Paper 1 - HAR RL/NODATA_MarginMultistepCL/wandb/run-20241009_200004-eaitvj8q/files/output.log
2024-10-09 20:01:49,652 INFO    SenderThread:37665 [dir_watcher.py:finish():388] scan: /Users/shamba/Desktop/Paper 1 - HAR RL/NODATA_MarginMultistepCL/wandb/run-20241009_200004-eaitvj8q/files
2024-10-09 20:01:49,653 INFO    SenderThread:37665 [dir_watcher.py:finish():402] scan save: /Users/shamba/Desktop/Paper 1 - HAR RL/NODATA_MarginMultistepCL/wandb/run-20241009_200004-eaitvj8q/files/requirements.txt requirements.txt
2024-10-09 20:01:49,653 INFO    SenderThread:37665 [dir_watcher.py:finish():402] scan save: /Users/shamba/Desktop/Paper 1 - HAR RL/NODATA_MarginMultistepCL/wandb/run-20241009_200004-eaitvj8q/files/output.log output.log
2024-10-09 20:01:49,656 INFO    SenderThread:37665 [dir_watcher.py:finish():402] scan save: /Users/shamba/Desktop/Paper 1 - HAR RL/NODATA_MarginMultistepCL/wandb/run-20241009_200004-eaitvj8q/files/config.yaml config.yaml
2024-10-09 20:01:49,657 INFO    SenderThread:37665 [dir_watcher.py:finish():402] scan save: /Users/shamba/Desktop/Paper 1 - HAR RL/NODATA_MarginMultistepCL/wandb/run-20241009_200004-eaitvj8q/files/wandb-summary.json wandb-summary.json
2024-10-09 20:01:49,660 INFO    SenderThread:37665 [dir_watcher.py:finish():402] scan save: /Users/shamba/Desktop/Paper 1 - HAR RL/NODATA_MarginMultistepCL/wandb/run-20241009_200004-eaitvj8q/files/conda-environment.yaml conda-environment.yaml
2024-10-09 20:01:49,662 INFO    SenderThread:37665 [dir_watcher.py:finish():402] scan save: /Users/shamba/Desktop/Paper 1 - HAR RL/NODATA_MarginMultistepCL/wandb/run-20241009_200004-eaitvj8q/files/wandb-metadata.json wandb-metadata.json
2024-10-09 20:01:49,662 INFO    SenderThread:37665 [sender.py:transition_state():626] send defer: 10
2024-10-09 20:01:49,663 DEBUG   SenderThread:37665 [sender.py:send_request():418] send_request: poll_exit
2024-10-09 20:01:49,664 DEBUG   HandlerThread:37665 [handler.py:handle_request():158] handle_request: defer
2024-10-09 20:01:49,664 INFO    HandlerThread:37665 [handler.py:handle_request_defer():184] handle defer: 10
2024-10-09 20:01:49,665 DEBUG   SenderThread:37665 [sender.py:send_request():418] send_request: defer
2024-10-09 20:01:49,665 INFO    SenderThread:37665 [sender.py:send_request_defer():622] handle sender defer: 10
2024-10-09 20:01:49,665 INFO    SenderThread:37665 [file_pusher.py:finish():169] shutting down file pusher
2024-10-09 20:01:49,808 ERROR   wandb-upload_0:37665 [internal_api.py:execute():349] 404 response executing GraphQL.
2024-10-09 20:01:49,809 ERROR   wandb-upload_0:37665 [internal_api.py:execute():350] {"errors":[{"message":"run 1sleepeeg42/eaitvj8q not found during createRunFiles","path":["createRunFiles"]}],"data":{"createRunFiles":null}}
2024-10-09 20:01:49,809 ERROR   Thread-12 (_thread_body):37665 [step_upload.py:_handle_event():144] Failed to upload file: /Users/shamba/Desktop/Paper 1 - HAR RL/NODATA_MarginMultistepCL/wandb/run-20241009_200004-eaitvj8q/files/requirements.txt
Traceback (most recent call last):
  File "/Users/shamba/anaconda3/lib/python3.11/site-packages/wandb/sdk/lib/retry.py", line 131, in __call__
    result = self._call_fn(*args, **kwargs)
             ^^^^^^^^^^^^^^^^^^^^^^^^^^^^^^
  File "/Users/shamba/anaconda3/lib/python3.11/site-packages/wandb/sdk/internal/internal_api.py", line 345, in execute
    return self.client.execute(*args, **kwargs)  # type: ignore
           ^^^^^^^^^^^^^^^^^^^^^^^^^^^^^^^^^^^^
  File "/Users/shamba/anaconda3/lib/python3.11/site-packages/wandb/vendor/gql-0.2.0/wandb_gql/client.py", line 52, in execute
    result = self._get_result(document, *args, **kwargs)
             ^^^^^^^^^^^^^^^^^^^^^^^^^^^^^^^^^^^^^^^^^^^
  File "/Users/shamba/anaconda3/lib/python3.11/site-packages/wandb/vendor/gql-0.2.0/wandb_gql/client.py", line 60, in _get_result
    return self.transport.execute(document, *args, **kwargs)
           ^^^^^^^^^^^^^^^^^^^^^^^^^^^^^^^^^^^^^^^^^^^^^^^^^
  File "/Users/shamba/anaconda3/lib/python3.11/site-packages/wandb/sdk/lib/gql_request.py", line 59, in execute
    request.raise_for_status()
  File "/Users/shamba/anaconda3/lib/python3.11/site-packages/requests/models.py", line 1021, in raise_for_status
    raise HTTPError(http_error_msg, response=self)
requests.exceptions.HTTPError: 404 Client Error: Not Found for url: https://api.wandb.ai/graphql

During handling of the above exception, another exception occurred:

Traceback (most recent call last):
  File "/Users/shamba/anaconda3/lib/python3.11/concurrent/futures/thread.py", line 58, in run
    result = self.fn(*self.args, **self.kwargs)
             ^^^^^^^^^^^^^^^^^^^^^^^^^^^^^^^^^^
  File "/Users/shamba/anaconda3/lib/python3.11/site-packages/wandb/filesync/step_upload.py", line 223, in run_and_notify
    self._do_upload(event)
  File "/Users/shamba/anaconda3/lib/python3.11/site-packages/wandb/filesync/step_upload.py", line 243, in _do_upload
    job.run()
  File "/Users/shamba/anaconda3/lib/python3.11/site-packages/wandb/filesync/upload_job.py", line 56, in run
    self.push()
  File "/Users/shamba/anaconda3/lib/python3.11/site-packages/wandb/filesync/upload_job.py", line 105, in push
    _, upload_headers, result = self._api.upload_urls(project, [self.save_name])
                                ^^^^^^^^^^^^^^^^^^^^^^^^^^^^^^^^^^^^^^^^^^^^^^^^
  File "/Users/shamba/anaconda3/lib/python3.11/site-packages/wandb/apis/normalize.py", line 73, in wrapper
    raise err
  File "/Users/shamba/anaconda3/lib/python3.11/site-packages/wandb/apis/normalize.py", line 41, in wrapper
    return func(*args, **kwargs)
           ^^^^^^^^^^^^^^^^^^^^^
  File "/Users/shamba/anaconda3/lib/python3.11/site-packages/wandb/sdk/internal/internal_api.py", line 2500, in upload_urls
    query_result = self.gql(
                   ^^^^^^^^^
  File "/Users/shamba/anaconda3/lib/python3.11/site-packages/wandb/sdk/internal/internal_api.py", line 317, in gql
    ret = self._retry_gql(
          ^^^^^^^^^^^^^^^^
  File "/Users/shamba/anaconda3/lib/python3.11/site-packages/wandb/sdk/lib/retry.py", line 147, in __call__
    retry_timedelta_triggered = check_retry_fn(e)
                                ^^^^^^^^^^^^^^^^^
  File "/Users/shamba/anaconda3/lib/python3.11/site-packages/wandb/util.py", line 910, in no_retry_auth
    raise CommError(
wandb.errors.CommError: It appears that you do not have permission to access the requested resource. Please reach out to the project owner to grant you access. If you have the correct permissions, verify that there are no issues with your networking setup.(Error 404: Not Found)
2024-10-09 20:01:49,817 ERROR   wandb-upload_1:37665 [internal_api.py:execute():349] 404 response executing GraphQL.
2024-10-09 20:01:49,819 ERROR   wandb-upload_1:37665 [internal_api.py:execute():350] {"errors":[{"message":"run 1sleepeeg42/eaitvj8q not found during createRunFiles","path":["createRunFiles"]}],"data":{"createRunFiles":null}}
2024-10-09 20:01:49,820 ERROR   Thread-12 (_thread_body):37665 [step_upload.py:_handle_event():144] Failed to upload file: /Users/shamba/Desktop/Paper 1 - HAR RL/NODATA_MarginMultistepCL/wandb/run-20241009_200004-eaitvj8q/files/output.log
Traceback (most recent call last):
  File "/Users/shamba/anaconda3/lib/python3.11/site-packages/wandb/sdk/lib/retry.py", line 131, in __call__
    result = self._call_fn(*args, **kwargs)
             ^^^^^^^^^^^^^^^^^^^^^^^^^^^^^^
  File "/Users/shamba/anaconda3/lib/python3.11/site-packages/wandb/sdk/internal/internal_api.py", line 345, in execute
    return self.client.execute(*args, **kwargs)  # type: ignore
           ^^^^^^^^^^^^^^^^^^^^^^^^^^^^^^^^^^^^
  File "/Users/shamba/anaconda3/lib/python3.11/site-packages/wandb/vendor/gql-0.2.0/wandb_gql/client.py", line 52, in execute
    result = self._get_result(document, *args, **kwargs)
             ^^^^^^^^^^^^^^^^^^^^^^^^^^^^^^^^^^^^^^^^^^^
  File "/Users/shamba/anaconda3/lib/python3.11/site-packages/wandb/vendor/gql-0.2.0/wandb_gql/client.py", line 60, in _get_result
    return self.transport.execute(document, *args, **kwargs)
           ^^^^^^^^^^^^^^^^^^^^^^^^^^^^^^^^^^^^^^^^^^^^^^^^^
  File "/Users/shamba/anaconda3/lib/python3.11/site-packages/wandb/sdk/lib/gql_request.py", line 59, in execute
    request.raise_for_status()
  File "/Users/shamba/anaconda3/lib/python3.11/site-packages/requests/models.py", line 1021, in raise_for_status
    raise HTTPError(http_error_msg, response=self)
requests.exceptions.HTTPError: 404 Client Error: Not Found for url: https://api.wandb.ai/graphql

During handling of the above exception, another exception occurred:

Traceback (most recent call last):
  File "/Users/shamba/anaconda3/lib/python3.11/concurrent/futures/thread.py", line 58, in run
    result = self.fn(*self.args, **self.kwargs)
             ^^^^^^^^^^^^^^^^^^^^^^^^^^^^^^^^^^
  File "/Users/shamba/anaconda3/lib/python3.11/site-packages/wandb/filesync/step_upload.py", line 223, in run_and_notify
    self._do_upload(event)
  File "/Users/shamba/anaconda3/lib/python3.11/site-packages/wandb/filesync/step_upload.py", line 243, in _do_upload
    job.run()
  File "/Users/shamba/anaconda3/lib/python3.11/site-packages/wandb/filesync/upload_job.py", line 56, in run
    self.push()
  File "/Users/shamba/anaconda3/lib/python3.11/site-packages/wandb/filesync/upload_job.py", line 105, in push
    _, upload_headers, result = self._api.upload_urls(project, [self.save_name])
                                ^^^^^^^^^^^^^^^^^^^^^^^^^^^^^^^^^^^^^^^^^^^^^^^^
  File "/Users/shamba/anaconda3/lib/python3.11/site-packages/wandb/apis/normalize.py", line 73, in wrapper
    raise err
  File "/Users/shamba/anaconda3/lib/python3.11/site-packages/wandb/apis/normalize.py", line 41, in wrapper
    return func(*args, **kwargs)
           ^^^^^^^^^^^^^^^^^^^^^
  File "/Users/shamba/anaconda3/lib/python3.11/site-packages/wandb/sdk/internal/internal_api.py", line 2500, in upload_urls
    query_result = self.gql(
                   ^^^^^^^^^
  File "/Users/shamba/anaconda3/lib/python3.11/site-packages/wandb/sdk/internal/internal_api.py", line 317, in gql
    ret = self._retry_gql(
          ^^^^^^^^^^^^^^^^
  File "/Users/shamba/anaconda3/lib/python3.11/site-packages/wandb/sdk/lib/retry.py", line 147, in __call__
    retry_timedelta_triggered = check_retry_fn(e)
                                ^^^^^^^^^^^^^^^^^
  File "/Users/shamba/anaconda3/lib/python3.11/site-packages/wandb/util.py", line 910, in no_retry_auth
    raise CommError(
wandb.errors.CommError: It appears that you do not have permission to access the requested resource. Please reach out to the project owner to grant you access. If you have the correct permissions, verify that there are no issues with your networking setup.(Error 404: Not Found)
2024-10-09 20:01:49,876 ERROR   wandb-upload_4:37665 [internal_api.py:execute():349] 404 response executing GraphQL.
2024-10-09 20:01:49,876 ERROR   wandb-upload_2:37665 [internal_api.py:execute():349] 404 response executing GraphQL.
2024-10-09 20:01:49,876 ERROR   wandb-upload_4:37665 [internal_api.py:execute():350] {"errors":[{"message":"run 1sleepeeg42/eaitvj8q not found during createRunFiles","path":["createRunFiles"]}],"data":{"createRunFiles":null}}
2024-10-09 20:01:49,877 ERROR   wandb-upload_3:37665 [internal_api.py:execute():349] 404 response executing GraphQL.
2024-10-09 20:01:49,877 ERROR   wandb-upload_2:37665 [internal_api.py:execute():350] {"errors":[{"message":"run 1sleepeeg42/eaitvj8q not found during createRunFiles","path":["createRunFiles"]}],"data":{"createRunFiles":null}}
2024-10-09 20:01:49,877 ERROR   wandb-upload_3:37665 [internal_api.py:execute():350] {"errors":[{"message":"run 1sleepeeg42/eaitvj8q not found during createRunFiles","path":["createRunFiles"]}],"data":{"createRunFiles":null}}
2024-10-09 20:01:49,877 ERROR   Thread-12 (_thread_body):37665 [step_upload.py:_handle_event():144] Failed to upload file: /Users/shamba/Desktop/Paper 1 - HAR RL/NODATA_MarginMultistepCL/wandb/run-20241009_200004-eaitvj8q/files/conda-environment.yaml
Traceback (most recent call last):
  File "/Users/shamba/anaconda3/lib/python3.11/site-packages/wandb/sdk/lib/retry.py", line 131, in __call__
    result = self._call_fn(*args, **kwargs)
             ^^^^^^^^^^^^^^^^^^^^^^^^^^^^^^
  File "/Users/shamba/anaconda3/lib/python3.11/site-packages/wandb/sdk/internal/internal_api.py", line 345, in execute
    return self.client.execute(*args, **kwargs)  # type: ignore
           ^^^^^^^^^^^^^^^^^^^^^^^^^^^^^^^^^^^^
  File "/Users/shamba/anaconda3/lib/python3.11/site-packages/wandb/vendor/gql-0.2.0/wandb_gql/client.py", line 52, in execute
    result = self._get_result(document, *args, **kwargs)
             ^^^^^^^^^^^^^^^^^^^^^^^^^^^^^^^^^^^^^^^^^^^
  File "/Users/shamba/anaconda3/lib/python3.11/site-packages/wandb/vendor/gql-0.2.0/wandb_gql/client.py", line 60, in _get_result
    return self.transport.execute(document, *args, **kwargs)
           ^^^^^^^^^^^^^^^^^^^^^^^^^^^^^^^^^^^^^^^^^^^^^^^^^
  File "/Users/shamba/anaconda3/lib/python3.11/site-packages/wandb/sdk/lib/gql_request.py", line 59, in execute
    request.raise_for_status()
  File "/Users/shamba/anaconda3/lib/python3.11/site-packages/requests/models.py", line 1021, in raise_for_status
    raise HTTPError(http_error_msg, response=self)
requests.exceptions.HTTPError: 404 Client Error: Not Found for url: https://api.wandb.ai/graphql

During handling of the above exception, another exception occurred:

Traceback (most recent call last):
  File "/Users/shamba/anaconda3/lib/python3.11/concurrent/futures/thread.py", line 58, in run
    result = self.fn(*self.args, **self.kwargs)
             ^^^^^^^^^^^^^^^^^^^^^^^^^^^^^^^^^^
  File "/Users/shamba/anaconda3/lib/python3.11/site-packages/wandb/filesync/step_upload.py", line 223, in run_and_notify
    self._do_upload(event)
  File "/Users/shamba/anaconda3/lib/python3.11/site-packages/wandb/filesync/step_upload.py", line 243, in _do_upload
    job.run()
  File "/Users/shamba/anaconda3/lib/python3.11/site-packages/wandb/filesync/upload_job.py", line 56, in run
    self.push()
  File "/Users/shamba/anaconda3/lib/python3.11/site-packages/wandb/filesync/upload_job.py", line 105, in push
    _, upload_headers, result = self._api.upload_urls(project, [self.save_name])
                                ^^^^^^^^^^^^^^^^^^^^^^^^^^^^^^^^^^^^^^^^^^^^^^^^
  File "/Users/shamba/anaconda3/lib/python3.11/site-packages/wandb/apis/normalize.py", line 73, in wrapper
    raise err
  File "/Users/shamba/anaconda3/lib/python3.11/site-packages/wandb/apis/normalize.py", line 41, in wrapper
    return func(*args, **kwargs)
           ^^^^^^^^^^^^^^^^^^^^^
  File "/Users/shamba/anaconda3/lib/python3.11/site-packages/wandb/sdk/internal/internal_api.py", line 2500, in upload_urls
    query_result = self.gql(
                   ^^^^^^^^^
  File "/Users/shamba/anaconda3/lib/python3.11/site-packages/wandb/sdk/internal/internal_api.py", line 317, in gql
    ret = self._retry_gql(
          ^^^^^^^^^^^^^^^^
  File "/Users/shamba/anaconda3/lib/python3.11/site-packages/wandb/sdk/lib/retry.py", line 147, in __call__
    retry_timedelta_triggered = check_retry_fn(e)
                                ^^^^^^^^^^^^^^^^^
  File "/Users/shamba/anaconda3/lib/python3.11/site-packages/wandb/util.py", line 910, in no_retry_auth
    raise CommError(
wandb.errors.CommError: It appears that you do not have permission to access the requested resource. Please reach out to the project owner to grant you access. If you have the correct permissions, verify that there are no issues with your networking setup.(Error 404: Not Found)
2024-10-09 20:01:49,878 ERROR   Thread-12 (_thread_body):37665 [step_upload.py:_handle_event():144] Failed to upload file: /Users/shamba/Desktop/Paper 1 - HAR RL/NODATA_MarginMultistepCL/wandb/run-20241009_200004-eaitvj8q/files/config.yaml
Traceback (most recent call last):
  File "/Users/shamba/anaconda3/lib/python3.11/site-packages/wandb/sdk/lib/retry.py", line 131, in __call__
    result = self._call_fn(*args, **kwargs)
             ^^^^^^^^^^^^^^^^^^^^^^^^^^^^^^
  File "/Users/shamba/anaconda3/lib/python3.11/site-packages/wandb/sdk/internal/internal_api.py", line 345, in execute
    return self.client.execute(*args, **kwargs)  # type: ignore
           ^^^^^^^^^^^^^^^^^^^^^^^^^^^^^^^^^^^^
  File "/Users/shamba/anaconda3/lib/python3.11/site-packages/wandb/vendor/gql-0.2.0/wandb_gql/client.py", line 52, in execute
    result = self._get_result(document, *args, **kwargs)
             ^^^^^^^^^^^^^^^^^^^^^^^^^^^^^^^^^^^^^^^^^^^
  File "/Users/shamba/anaconda3/lib/python3.11/site-packages/wandb/vendor/gql-0.2.0/wandb_gql/client.py", line 60, in _get_result
    return self.transport.execute(document, *args, **kwargs)
           ^^^^^^^^^^^^^^^^^^^^^^^^^^^^^^^^^^^^^^^^^^^^^^^^^
  File "/Users/shamba/anaconda3/lib/python3.11/site-packages/wandb/sdk/lib/gql_request.py", line 59, in execute
    request.raise_for_status()
  File "/Users/shamba/anaconda3/lib/python3.11/site-packages/requests/models.py", line 1021, in raise_for_status
    raise HTTPError(http_error_msg, response=self)
requests.exceptions.HTTPError: 404 Client Error: Not Found for url: https://api.wandb.ai/graphql

During handling of the above exception, another exception occurred:

Traceback (most recent call last):
  File "/Users/shamba/anaconda3/lib/python3.11/concurrent/futures/thread.py", line 58, in run
    result = self.fn(*self.args, **self.kwargs)
             ^^^^^^^^^^^^^^^^^^^^^^^^^^^^^^^^^^
  File "/Users/shamba/anaconda3/lib/python3.11/site-packages/wandb/filesync/step_upload.py", line 223, in run_and_notify
    self._do_upload(event)
  File "/Users/shamba/anaconda3/lib/python3.11/site-packages/wandb/filesync/step_upload.py", line 243, in _do_upload
    job.run()
  File "/Users/shamba/anaconda3/lib/python3.11/site-packages/wandb/filesync/upload_job.py", line 56, in run
    self.push()
  File "/Users/shamba/anaconda3/lib/python3.11/site-packages/wandb/filesync/upload_job.py", line 105, in push
    _, upload_headers, result = self._api.upload_urls(project, [self.save_name])
                                ^^^^^^^^^^^^^^^^^^^^^^^^^^^^^^^^^^^^^^^^^^^^^^^^
  File "/Users/shamba/anaconda3/lib/python3.11/site-packages/wandb/apis/normalize.py", line 73, in wrapper
    raise err
  File "/Users/shamba/anaconda3/lib/python3.11/site-packages/wandb/apis/normalize.py", line 41, in wrapper
    return func(*args, **kwargs)
           ^^^^^^^^^^^^^^^^^^^^^
  File "/Users/shamba/anaconda3/lib/python3.11/site-packages/wandb/sdk/internal/internal_api.py", line 2500, in upload_urls
    query_result = self.gql(
                   ^^^^^^^^^
  File "/Users/shamba/anaconda3/lib/python3.11/site-packages/wandb/sdk/internal/internal_api.py", line 317, in gql
    ret = self._retry_gql(
          ^^^^^^^^^^^^^^^^
  File "/Users/shamba/anaconda3/lib/python3.11/site-packages/wandb/sdk/lib/retry.py", line 147, in __call__
    retry_timedelta_triggered = check_retry_fn(e)
                                ^^^^^^^^^^^^^^^^^
  File "/Users/shamba/anaconda3/lib/python3.11/site-packages/wandb/util.py", line 910, in no_retry_auth
    raise CommError(
wandb.errors.CommError: It appears that you do not have permission to access the requested resource. Please reach out to the project owner to grant you access. If you have the correct permissions, verify that there are no issues with your networking setup.(Error 404: Not Found)
2024-10-09 20:01:49,879 ERROR   Thread-12 (_thread_body):37665 [step_upload.py:_handle_event():144] Failed to upload file: /Users/shamba/Desktop/Paper 1 - HAR RL/NODATA_MarginMultistepCL/wandb/run-20241009_200004-eaitvj8q/files/wandb-summary.json
Traceback (most recent call last):
  File "/Users/shamba/anaconda3/lib/python3.11/site-packages/wandb/sdk/lib/retry.py", line 131, in __call__
    result = self._call_fn(*args, **kwargs)
             ^^^^^^^^^^^^^^^^^^^^^^^^^^^^^^
  File "/Users/shamba/anaconda3/lib/python3.11/site-packages/wandb/sdk/internal/internal_api.py", line 345, in execute
    return self.client.execute(*args, **kwargs)  # type: ignore
           ^^^^^^^^^^^^^^^^^^^^^^^^^^^^^^^^^^^^
  File "/Users/shamba/anaconda3/lib/python3.11/site-packages/wandb/vendor/gql-0.2.0/wandb_gql/client.py", line 52, in execute
    result = self._get_result(document, *args, **kwargs)
             ^^^^^^^^^^^^^^^^^^^^^^^^^^^^^^^^^^^^^^^^^^^
  File "/Users/shamba/anaconda3/lib/python3.11/site-packages/wandb/vendor/gql-0.2.0/wandb_gql/client.py", line 60, in _get_result
    return self.transport.execute(document, *args, **kwargs)
           ^^^^^^^^^^^^^^^^^^^^^^^^^^^^^^^^^^^^^^^^^^^^^^^^^
  File "/Users/shamba/anaconda3/lib/python3.11/site-packages/wandb/sdk/lib/gql_request.py", line 59, in execute
    request.raise_for_status()
  File "/Users/shamba/anaconda3/lib/python3.11/site-packages/requests/models.py", line 1021, in raise_for_status
    raise HTTPError(http_error_msg, response=self)
requests.exceptions.HTTPError: 404 Client Error: Not Found for url: https://api.wandb.ai/graphql

During handling of the above exception, another exception occurred:

Traceback (most recent call last):
  File "/Users/shamba/anaconda3/lib/python3.11/concurrent/futures/thread.py", line 58, in run
    result = self.fn(*self.args, **self.kwargs)
             ^^^^^^^^^^^^^^^^^^^^^^^^^^^^^^^^^^
  File "/Users/shamba/anaconda3/lib/python3.11/site-packages/wandb/filesync/step_upload.py", line 223, in run_and_notify
    self._do_upload(event)
  File "/Users/shamba/anaconda3/lib/python3.11/site-packages/wandb/filesync/step_upload.py", line 243, in _do_upload
    job.run()
  File "/Users/shamba/anaconda3/lib/python3.11/site-packages/wandb/filesync/upload_job.py", line 56, in run
    self.push()
  File "/Users/shamba/anaconda3/lib/python3.11/site-packages/wandb/filesync/upload_job.py", line 105, in push
    _, upload_headers, result = self._api.upload_urls(project, [self.save_name])
                                ^^^^^^^^^^^^^^^^^^^^^^^^^^^^^^^^^^^^^^^^^^^^^^^^
  File "/Users/shamba/anaconda3/lib/python3.11/site-packages/wandb/apis/normalize.py", line 73, in wrapper
    raise err
  File "/Users/shamba/anaconda3/lib/python3.11/site-packages/wandb/apis/normalize.py", line 41, in wrapper
    return func(*args, **kwargs)
           ^^^^^^^^^^^^^^^^^^^^^
  File "/Users/shamba/anaconda3/lib/python3.11/site-packages/wandb/sdk/internal/internal_api.py", line 2500, in upload_urls
    query_result = self.gql(
                   ^^^^^^^^^
  File "/Users/shamba/anaconda3/lib/python3.11/site-packages/wandb/sdk/internal/internal_api.py", line 317, in gql
    ret = self._retry_gql(
          ^^^^^^^^^^^^^^^^
  File "/Users/shamba/anaconda3/lib/python3.11/site-packages/wandb/sdk/lib/retry.py", line 147, in __call__
    retry_timedelta_triggered = check_retry_fn(e)
                                ^^^^^^^^^^^^^^^^^
  File "/Users/shamba/anaconda3/lib/python3.11/site-packages/wandb/util.py", line 910, in no_retry_auth
    raise CommError(
wandb.errors.CommError: It appears that you do not have permission to access the requested resource. Please reach out to the project owner to grant you access. If you have the correct permissions, verify that there are no issues with your networking setup.(Error 404: Not Found)
2024-10-09 20:01:49,882 DEBUG   HandlerThread:37665 [handler.py:handle_request():158] handle_request: poll_exit
2024-10-09 20:01:49,882 DEBUG   SenderThread:37665 [sender.py:send_request():418] send_request: poll_exit
2024-10-09 20:01:50,085 INFO    Thread-12 (_thread_body):37665 [sender.py:transition_state():626] send defer: 11
2024-10-09 20:01:50,087 DEBUG   HandlerThread:37665 [handler.py:handle_request():158] handle_request: defer
2024-10-09 20:01:50,087 INFO    HandlerThread:37665 [handler.py:handle_request_defer():184] handle defer: 11
2024-10-09 20:01:50,088 DEBUG   SenderThread:37665 [sender.py:send_request():418] send_request: defer
2024-10-09 20:01:50,088 INFO    SenderThread:37665 [sender.py:send_request_defer():622] handle sender defer: 11
2024-10-09 20:01:50,088 INFO    SenderThread:37665 [file_pusher.py:join():175] waiting for file pusher
2024-10-09 20:01:50,089 INFO    SenderThread:37665 [sender.py:transition_state():626] send defer: 12
2024-10-09 20:01:50,089 DEBUG   HandlerThread:37665 [handler.py:handle_request():158] handle_request: defer
2024-10-09 20:01:50,089 INFO    HandlerThread:37665 [handler.py:handle_request_defer():184] handle defer: 12
2024-10-09 20:01:50,089 DEBUG   SenderThread:37665 [sender.py:send_request():418] send_request: defer
2024-10-09 20:01:50,089 INFO    SenderThread:37665 [sender.py:send_request_defer():622] handle sender defer: 12
2024-10-09 20:01:50,089 INFO    SenderThread:37665 [file_stream.py:finish():601] file stream finish called
2024-10-09 20:01:50,262 ERROR   FileStreamThread:37665 [file_stream.py:_handle_response():510] dropped chunk 404 Client Error: Not Found for url: https://api.wandb.ai/files/kazeem/1sleepeeg42/eaitvj8q/file_stream
NoneType: None
2024-10-09 20:01:50,308 WARNING StreamThr :37665 [internal.py:is_dead():413] Internal process exiting, parent pid 37614 disappeared
2024-10-09 20:01:50,309 ERROR   StreamThr :37665 [internal.py:wandb_internal():151] Internal process shutdown.
2024-10-09 20:01:50,418 INFO    SenderThread:37665 [file_stream.py:finish():605] file stream finish is done
2024-10-09 20:01:50,419 INFO    SenderThread:37665 [sender.py:transition_state():626] send defer: 13
2024-10-09 20:01:50,419 INFO    SenderThread:37665 [sender.py:finish():1631] shutting down sender
2024-10-09 20:01:50,419 DEBUG   HandlerThread:37665 [handler.py:handle_request():158] handle_request: defer
2024-10-09 20:01:50,419 INFO    SenderThread:37665 [file_pusher.py:finish():169] shutting down file pusher
2024-10-09 20:01:50,419 INFO    HandlerThread:37665 [handler.py:handle_request_defer():184] handle defer: 13
2024-10-09 20:01:50,419 INFO    SenderThread:37665 [file_pusher.py:join():175] waiting for file pusher
2024-10-09 20:01:50,420 INFO    HandlerThread:37665 [handler.py:finish():884] shutting down handler
2024-10-09 20:01:50,420 INFO    WriterThread:37665 [datastore.py:close():296] close: /Users/shamba/Desktop/Paper 1 - HAR RL/NODATA_MarginMultistepCL/wandb/run-20241009_200004-eaitvj8q/run-eaitvj8q.wandb
